<?xml version="1.0" encoding="utf-8"?><testsuite errors="0" failures="18" name="pytest" skips="5" tests="28" time="518.563"><testcase classname="exchange.tests.pki_test.TestSslContextSessionAdapter" file="exchange/tests/pki_test.py" line="262" name="testSslContextAdapter" time="3.30732989311"><failure message="IOError: [Errno 2] No such file or directory">self = &lt;exchange.tests.pki_test.TestSslContextSessionAdapter testMethod=testSslContextAdapter&gt;

    def testSslContextAdapter(self):
        config = self.ssl_config_4
        self.create_hostname_port_mapping(config, self.p1)
        self.assertEqual(HostnamePortSslConfig.objects.count(), 1)
    
&gt;       ssla = SslContextAdapter(self.mp_root)

exchange/tests/pki_test.py:268: 
_ _ _ _ _ _ _ _ _ _ _ _ _ _ _ _ _ _ _ _ _ _ _ _ _ _ _ _ _ _ _ _ _ _ _ _ _ _ _ _ _ _ _ _ _ _ _ _ _ _ _ _ _ _ _ _ _ _ _ _ _ _ _ _ _ _ _ _ _ _ _ _ _ _ _ _ _ _ _ _ _ _ _ _ _
exchange/pki/ssl_adapter.py:105: in __init__
    super(SslContextAdapter, self).__init__(*args, **kwargs)
/usr/local/lib/python2.7/site-packages/requests/adapters.py:126: in __init__
    self.init_poolmanager(pool_connections, pool_maxsize, block=pool_block)
exchange/pki/ssl_adapter.py:193: in init_poolmanager
    self._update_context(context)
_ _ _ _ _ _ _ _ _ _ _ _ _ _ _ _ _ _ _ _ _ _ _ _ _ _ _ _ _ _ _ _ _ _ _ _ _ _ _ _ _ _ _ _ _ _ _ _ _ _ _ _ _ _ _ _ _ _ _ _ _ _ _ _ _ _ _ _ _ _ _ _ _ _ _ _ _ _ _ _ _ _ _ _ _

self = &lt;exchange.pki.ssl_adapter.SslContextAdapter object at 0x7fe0187c3a50&gt;, context = &lt;ssl.SSLContext object at 0x7fe0187c8f50&gt;

    def _update_context(self, context):
        &quot;&quot;&quot;
            Update the urllib3 connection context with SSL options
    
            :type context: ssl.SSLContext
            &quot;&quot;&quot;
        cafile = self._ctx_opts.get(&apos;cafile&apos;, None)
        if cafile:
&gt;           context.load_verify_locations(cafile=cafile)
E           IOError: [Errno 2] No such file or directory

exchange/pki/ssl_adapter.py:149: IOError</failure><system-out>Removing all documents indexed by elasticsearchapp
</system-out><system-err>DEBUG 2018-06-13 16:02:47,336 /usr/local/lib/python2.7/site-packages/urllib3/util/retry.py 264668 140601307264768 Converted retries value: False -&gt; Retry(total=False, connect=None, read=None, redirect=0, status=None)
DEBUG 2018-06-13 16:02:47,337 /usr/local/lib/python2.7/site-packages/urllib3/connectionpool.py 264668 140601307264768 Starting new HTTP connection (1): search
DEBUG 2018-06-13 16:02:47,399 /usr/local/lib/python2.7/site-packages/urllib3/connectionpool.py 264668 140601307264768 http://search:9200 &quot;DELETE /layer-index HTTP/1.1&quot; 200 21
INFO 2018-06-13 16:02:47,399 /usr/local/lib/python2.7/site-packages/elasticsearch/connection/base.py 264668 140601307264768 DELETE http://search:9200/layer-index [status:200 request:0.063s]
DEBUG 2018-06-13 16:02:47,399 /usr/local/lib/python2.7/site-packages/elasticsearch/connection/base.py 264668 140601307264768 &gt; None
DEBUG 2018-06-13 16:02:47,400 /usr/local/lib/python2.7/site-packages/elasticsearch/connection/base.py 264668 140601307264768 &lt; {&quot;acknowledged&quot;:true}
DEBUG 2018-06-13 16:02:47,400 /usr/local/lib/python2.7/site-packages/urllib3/util/retry.py 264668 140601307264768 Converted retries value: False -&gt; Retry(total=False, connect=None, read=None, redirect=0, status=None)
DEBUG 2018-06-13 16:02:47,442 /usr/local/lib/python2.7/site-packages/urllib3/connectionpool.py 264668 140601307264768 http://search:9200 &quot;DELETE /map-index HTTP/1.1&quot; 200 21
INFO 2018-06-13 16:02:47,442 /usr/local/lib/python2.7/site-packages/elasticsearch/connection/base.py 264668 140601307264768 DELETE http://search:9200/map-index [status:200 request:0.042s]
DEBUG 2018-06-13 16:02:47,443 /usr/local/lib/python2.7/site-packages/elasticsearch/connection/base.py 264668 140601307264768 &gt; None
DEBUG 2018-06-13 16:02:47,443 /usr/local/lib/python2.7/site-packages/elasticsearch/connection/base.py 264668 140601307264768 &lt; {&quot;acknowledged&quot;:true}
DEBUG 2018-06-13 16:02:47,443 /usr/local/lib/python2.7/site-packages/urllib3/util/retry.py 264668 140601307264768 Converted retries value: False -&gt; Retry(total=False, connect=None, read=None, redirect=0, status=None)
DEBUG 2018-06-13 16:02:47,492 /usr/local/lib/python2.7/site-packages/urllib3/connectionpool.py 264668 140601307264768 http://search:9200 &quot;DELETE /document-index HTTP/1.1&quot; 200 21
INFO 2018-06-13 16:02:47,493 /usr/local/lib/python2.7/site-packages/elasticsearch/connection/base.py 264668 140601307264768 DELETE http://search:9200/document-index [status:200 request:0.050s]
DEBUG 2018-06-13 16:02:47,493 /usr/local/lib/python2.7/site-packages/elasticsearch/connection/base.py 264668 140601307264768 &gt; None
DEBUG 2018-06-13 16:02:47,493 /usr/local/lib/python2.7/site-packages/elasticsearch/connection/base.py 264668 140601307264768 &lt; {&quot;acknowledged&quot;:true}
DEBUG 2018-06-13 16:02:47,493 /usr/local/lib/python2.7/site-packages/urllib3/util/retry.py 264668 140601307264768 Converted retries value: False -&gt; Retry(total=False, connect=None, read=None, redirect=0, status=None)
DEBUG 2018-06-13 16:02:47,544 /usr/local/lib/python2.7/site-packages/urllib3/connectionpool.py 264668 140601307264768 http://search:9200 &quot;DELETE /group-index HTTP/1.1&quot; 200 21
INFO 2018-06-13 16:02:47,545 /usr/local/lib/python2.7/site-packages/elasticsearch/connection/base.py 264668 140601307264768 DELETE http://search:9200/group-index [status:200 request:0.052s]
DEBUG 2018-06-13 16:02:47,545 /usr/local/lib/python2.7/site-packages/elasticsearch/connection/base.py 264668 140601307264768 &gt; None
DEBUG 2018-06-13 16:02:47,545 /usr/local/lib/python2.7/site-packages/elasticsearch/connection/base.py 264668 140601307264768 &lt; {&quot;acknowledged&quot;:true}
DEBUG 2018-06-13 16:02:47,545 /usr/local/lib/python2.7/site-packages/urllib3/util/retry.py 264668 140601307264768 Converted retries value: False -&gt; Retry(total=False, connect=None, read=None, redirect=0, status=None)
DEBUG 2018-06-13 16:02:47,598 /usr/local/lib/python2.7/site-packages/urllib3/connectionpool.py 264668 140601307264768 http://search:9200 &quot;DELETE /profile-index HTTP/1.1&quot; 200 21
INFO 2018-06-13 16:02:47,598 /usr/local/lib/python2.7/site-packages/elasticsearch/connection/base.py 264668 140601307264768 DELETE http://search:9200/profile-index [status:200 request:0.053s]
DEBUG 2018-06-13 16:02:47,598 /usr/local/lib/python2.7/site-packages/elasticsearch/connection/base.py 264668 140601307264768 &gt; None
DEBUG 2018-06-13 16:02:47,599 /usr/local/lib/python2.7/site-packages/elasticsearch/connection/base.py 264668 140601307264768 &lt; {&quot;acknowledged&quot;:true}
DEBUG 2018-06-13 16:02:47,599 /usr/local/lib/python2.7/site-packages/urllib3/util/retry.py 264668 140601307264768 Converted retries value: False -&gt; Retry(total=False, connect=None, read=None, redirect=0, status=None)
DEBUG 2018-06-13 16:02:47,646 /usr/local/lib/python2.7/site-packages/urllib3/connectionpool.py 264668 140601307264768 http://search:9200 &quot;DELETE /story-index HTTP/1.1&quot; 200 21
INFO 2018-06-13 16:02:47,647 /usr/local/lib/python2.7/site-packages/elasticsearch/connection/base.py 264668 140601307264768 DELETE http://search:9200/story-index [status:200 request:0.048s]
DEBUG 2018-06-13 16:02:47,647 /usr/local/lib/python2.7/site-packages/elasticsearch/connection/base.py 264668 140601307264768 &gt; None
DEBUG 2018-06-13 16:02:47,647 /usr/local/lib/python2.7/site-packages/elasticsearch/connection/base.py 264668 140601307264768 &lt; {&quot;acknowledged&quot;:true}
DEBUG 2018-06-13 16:02:47,650 /usr/local/lib/python2.7/site-packages/urllib3/util/retry.py 264668 140601307264768 Converted retries value: False -&gt; Retry(total=False, connect=None, read=None, redirect=0, status=None)
DEBUG 2018-06-13 16:02:47,650 /usr/local/lib/python2.7/site-packages/urllib3/connectionpool.py 264668 140601307264768 Starting new HTTP connection (1): search
DEBUG 2018-06-13 16:02:47,651 /usr/local/lib/python2.7/site-packages/urllib3/connectionpool.py 264668 140601307264768 http://search:9200 &quot;HEAD /layer-index HTTP/1.1&quot; 404 0
DEBUG 2018-06-13 16:02:47,655 /usr/local/lib/python2.7/site-packages/urllib3/util/retry.py 264668 140601307264768 Converted retries value: False -&gt; Retry(total=False, connect=None, read=None, redirect=0, status=None)
DEBUG 2018-06-13 16:02:47,884 /usr/local/lib/python2.7/site-packages/urllib3/connectionpool.py 264668 140601307264768 http://search:9200 &quot;PUT /layer-index HTTP/1.1&quot; 200 70
INFO 2018-06-13 16:02:47,885 /usr/local/lib/python2.7/site-packages/elasticsearch/connection/base.py 264668 140601307264768 PUT http://search:9200/layer-index [status:200 request:0.230s]
DEBUG 2018-06-13 16:02:47,885 /usr/local/lib/python2.7/site-packages/elasticsearch/connection/base.py 264668 140601307264768 &gt; {&quot;mappings&quot;:{&quot;doc&quot;:{&quot;properties&quot;:{&quot;rating&quot;:{&quot;type&quot;:&quot;integer&quot;},&quot;owner__last_name&quot;:{&quot;type&quot;:&quot;text&quot;},&quot;has_time&quot;:{&quot;type&quot;:&quot;boolean&quot;},&quot;category__gn_description&quot;:{&quot;type&quot;:&quot;text&quot;},&quot;abstract&quot;:{&quot;fields&quot;:{&quot;pattern&quot;:{&quot;type&quot;:&quot;text&quot;,&quot;analyzer&quot;:&quot;pattern_analyzer&quot;},&quot;english&quot;:{&quot;type&quot;:&quot;text&quot;,&quot;analyzer&quot;:&quot;english&quot;}},&quot;type&quot;:&quot;text&quot;},&quot;bbox_bottom&quot;:{&quot;type&quot;:&quot;float&quot;},&quot;num_ratings&quot;:{&quot;type&quot;:&quot;integer&quot;},&quot;srid&quot;:{&quot;type&quot;:&quot;keyword&quot;},&quot;featured&quot;:{&quot;type&quot;:&quot;boolean&quot;},&quot;references&quot;:{&quot;type&quot;:null,&quot;properties&quot;:{&quot;url&quot;:{&quot;type&quot;:&quot;text&quot;},&quot;scheme&quot;:{&quot;fields&quot;:{&quot;text&quot;:{&quot;type&quot;:&quot;text&quot;},&quot;pattern&quot;:{&quot;type&quot;:&quot;text&quot;,&quot;analyzer&quot;:&quot;pattern_analyzer&quot;}},&quot;type&quot;:&quot;keyword&quot;},&quot;name&quot;:{&quot;fields&quot;:{&quot;text&quot;:{&quot;type&quot;:&quot;text&quot;}},&quot;type&quot;:&quot;keyword&quot;}}},&quot;keywords&quot;:{&quot;fields&quot;:{&quot;text&quot;:{&quot;type&quot;:&quot;text&quot;},&quot;english&quot;:{&quot;type&quot;:&quot;text&quot;,&quot;analyzer&quot;:&quot;english&quot;}},&quot;type&quot;:&quot;keyword&quot;},&quot;detail_url&quot;:{&quot;type&quot;:&quot;keyword&quot;},&quot;id&quot;:{&quot;type&quot;:&quot;integer&quot;},&quot;category&quot;:{&quot;fields&quot;:{&quot;text&quot;:{&quot;type&quot;:&quot;text&quot;},&quot;english&quot;:{&quot;type&quot;:&quot;text&quot;,&quot;analyzer&quot;:&quot;english&quot;}},&quot;type&quot;:&quot;keyword&quot;},&quot;uuid&quot;:{&quot;type&quot;:&quot;keyword&quot;},&quot;title&quot;:{&quot;fields&quot;:{&quot;pattern&quot;:{&quot;type&quot;:&quot;text&quot;,&quot;analyzer&quot;:&quot;pattern_analyzer&quot;},&quot;english&quot;:{&quot;type&quot;:&quot;text&quot;,&quot;analyzer&quot;:&quot;english&quot;}},&quot;type&quot;:&quot;text&quot;},&quot;num_comments&quot;:{&quot;type&quot;:&quot;integer&quot;},&quot;title_sortable&quot;:{&quot;type&quot;:&quot;keyword&quot;},&quot;regions&quot;:{&quot;fields&quot;:{&quot;text&quot;:{&quot;type&quot;:&quot;text&quot;},&quot;english&quot;:{&quot;type&quot;:&quot;text&quot;,&quot;analyzer&quot;:&quot;english&quot;}},&quot;type&quot;:&quot;keyword&quot;},&quot;source_host&quot;:{&quot;fields&quot;:{&quot;text&quot;:{&quot;type&quot;:&quot;text&quot;}},&quot;type&quot;:&quot;keyword&quot;},&quot;share_count&quot;:{&quot;type&quot;:&quot;integer&quot;},&quot;type&quot;:{&quot;fields&quot;:{&quot;text&quot;:{&quot;type&quot;:&quot;text&quot;},&quot;english&quot;:{&quot;type&quot;:&quot;text&quot;,&quot;analyzer&quot;:&quot;english&quot;}},&quot;type&quot;:&quot;keyword&quot;},&quot;geogig_link&quot;:{&quot;type&quot;:&quot;keyword&quot;},&quot;bbox_top&quot;:{&quot;type&quot;:&quot;float&quot;},&quot;popular_count&quot;:{&quot;type&quot;:&quot;integer&quot;},&quot;bbox_right&quot;:{&quot;type&quot;:&quot;float&quot;},&quot;date&quot;:{&quot;type&quot;:&quot;date&quot;},&quot;owner__first_name&quot;:{&quot;type&quot;:&quot;text&quot;},&quot;temporal_extent_end&quot;:{&quot;type&quot;:&quot;date&quot;},&quot;supplemental_information&quot;:{&quot;type&quot;:&quot;text&quot;},&quot;bbox_left&quot;:{&quot;type&quot;:&quot;float&quot;},&quot;typename&quot;:{&quot;type&quot;:&quot;keyword&quot;},&quot;subtype&quot;:{&quot;fields&quot;:{&quot;text&quot;:{&quot;type&quot;:&quot;text&quot;}},&quot;type&quot;:&quot;keyword&quot;},&quot;thumbnail_url&quot;:{&quot;type&quot;:&quot;keyword&quot;},&quot;csw_type&quot;:{&quot;type&quot;:&quot;keyword&quot;},&quot;csw_wkt_geometry&quot;:{&quot;type&quot;:&quot;keyword&quot;},&quot;owner__username&quot;:{&quot;fields&quot;:{&quot;text&quot;:{&quot;type&quot;:&quot;text&quot;}},&quot;type&quot;:&quot;keyword&quot;},&quot;temporal_extent_start&quot;:{&quot;type&quot;:&quot;date&quot;},&quot;is_published&quot;:{&quot;type&quot;:&quot;boolean&quot;}}}},&quot;settings&quot;:{&quot;analysis&quot;:{&quot;analyzer&quot;:{&quot;pattern_analyzer&quot;:{&quot;pattern&quot;:&quot;\\W|_&quot;,&quot;lowercase&quot;:true,&quot;type&quot;:&quot;pattern&quot;}}}}}
DEBUG 2018-06-13 16:02:47,885 /usr/local/lib/python2.7/site-packages/elasticsearch/connection/base.py 264668 140601307264768 &lt; {&quot;acknowledged&quot;:true,&quot;shards_acknowledged&quot;:true,&quot;index&quot;:&quot;layer-index&quot;}
DEBUG 2018-06-13 16:02:47,886 /usr/local/lib/python2.7/site-packages/urllib3/util/retry.py 264668 140601307264768 Converted retries value: False -&gt; Retry(total=False, connect=None, read=None, redirect=0, status=None)
DEBUG 2018-06-13 16:02:47,886 /usr/local/lib/python2.7/site-packages/urllib3/connectionpool.py 264668 140601307264768 http://search:9200 &quot;HEAD /map-index HTTP/1.1&quot; 404 0
DEBUG 2018-06-13 16:02:47,889 /usr/local/lib/python2.7/site-packages/urllib3/util/retry.py 264668 140601307264768 Converted retries value: False -&gt; Retry(total=False, connect=None, read=None, redirect=0, status=None)
DEBUG 2018-06-13 16:02:48,133 /usr/local/lib/python2.7/site-packages/urllib3/connectionpool.py 264668 140601307264768 http://search:9200 &quot;PUT /map-index HTTP/1.1&quot; 200 68
INFO 2018-06-13 16:02:48,134 /usr/local/lib/python2.7/site-packages/elasticsearch/connection/base.py 264668 140601307264768 PUT http://search:9200/map-index [status:200 request:0.245s]
DEBUG 2018-06-13 16:02:48,134 /usr/local/lib/python2.7/site-packages/elasticsearch/connection/base.py 264668 140601307264768 &gt; {&quot;mappings&quot;:{&quot;doc&quot;:{&quot;properties&quot;:{&quot;rating&quot;:{&quot;type&quot;:&quot;integer&quot;},&quot;category__gn_description&quot;:{&quot;type&quot;:&quot;text&quot;},&quot;abstract&quot;:{&quot;fields&quot;:{&quot;pattern&quot;:{&quot;type&quot;:&quot;text&quot;,&quot;analyzer&quot;:&quot;pattern_analyzer&quot;},&quot;english&quot;:{&quot;type&quot;:&quot;text&quot;,&quot;analyzer&quot;:&quot;english&quot;}},&quot;type&quot;:&quot;text&quot;},&quot;bbox_bottom&quot;:{&quot;type&quot;:&quot;float&quot;},&quot;num_ratings&quot;:{&quot;type&quot;:&quot;integer&quot;},&quot;srid&quot;:{&quot;type&quot;:&quot;keyword&quot;},&quot;keywords&quot;:{&quot;fields&quot;:{&quot;text&quot;:{&quot;type&quot;:&quot;text&quot;},&quot;english&quot;:{&quot;type&quot;:&quot;text&quot;,&quot;analyzer&quot;:&quot;english&quot;}},&quot;type&quot;:&quot;keyword&quot;},&quot;detail_url&quot;:{&quot;type&quot;:&quot;keyword&quot;},&quot;id&quot;:{&quot;type&quot;:&quot;integer&quot;},&quot;category&quot;:{&quot;fields&quot;:{&quot;text&quot;:{&quot;type&quot;:&quot;text&quot;},&quot;english&quot;:{&quot;type&quot;:&quot;text&quot;,&quot;analyzer&quot;:&quot;english&quot;}},&quot;type&quot;:&quot;keyword&quot;},&quot;uuid&quot;:{&quot;type&quot;:&quot;keyword&quot;},&quot;title&quot;:{&quot;fields&quot;:{&quot;pattern&quot;:{&quot;type&quot;:&quot;text&quot;,&quot;analyzer&quot;:&quot;pattern_analyzer&quot;},&quot;english&quot;:{&quot;type&quot;:&quot;text&quot;,&quot;analyzer&quot;:&quot;english&quot;}},&quot;type&quot;:&quot;text&quot;},&quot;num_comments&quot;:{&quot;type&quot;:&quot;integer&quot;},&quot;title_sortable&quot;:{&quot;type&quot;:&quot;keyword&quot;},&quot;regions&quot;:{&quot;fields&quot;:{&quot;text&quot;:{&quot;type&quot;:&quot;text&quot;},&quot;english&quot;:{&quot;type&quot;:&quot;text&quot;,&quot;analyzer&quot;:&quot;english&quot;}},&quot;type&quot;:&quot;keyword&quot;},&quot;share_count&quot;:{&quot;type&quot;:&quot;integer&quot;},&quot;type&quot;:{&quot;fields&quot;:{&quot;text&quot;:{&quot;type&quot;:&quot;text&quot;},&quot;english&quot;:{&quot;type&quot;:&quot;text&quot;,&quot;analyzer&quot;:&quot;english&quot;}},&quot;type&quot;:&quot;keyword&quot;},&quot;bbox_top&quot;:{&quot;type&quot;:&quot;float&quot;},&quot;popular_count&quot;:{&quot;type&quot;:&quot;integer&quot;},&quot;bbox_right&quot;:{&quot;type&quot;:&quot;float&quot;},&quot;date&quot;:{&quot;type&quot;:&quot;date&quot;},&quot;temporal_extent_end&quot;:{&quot;type&quot;:&quot;date&quot;},&quot;supplemental_information&quot;:{&quot;type&quot;:&quot;text&quot;},&quot;bbox_left&quot;:{&quot;type&quot;:&quot;float&quot;},&quot;thumbnail_url&quot;:{&quot;type&quot;:&quot;keyword&quot;},&quot;csw_type&quot;:{&quot;type&quot;:&quot;keyword&quot;},&quot;csw_wkt_geometry&quot;:{&quot;type&quot;:&quot;keyword&quot;},&quot;owner__username&quot;:{&quot;fields&quot;:{&quot;text&quot;:{&quot;type&quot;:&quot;text&quot;}},&quot;type&quot;:&quot;keyword&quot;},&quot;temporal_extent_start&quot;:{&quot;type&quot;:&quot;date&quot;}}}},&quot;settings&quot;:{&quot;analysis&quot;:{&quot;analyzer&quot;:{&quot;pattern_analyzer&quot;:{&quot;pattern&quot;:&quot;\\W|_&quot;,&quot;lowercase&quot;:true,&quot;type&quot;:&quot;pattern&quot;}}}}}
DEBUG 2018-06-13 16:02:48,134 /usr/local/lib/python2.7/site-packages/elasticsearch/connection/base.py 264668 140601307264768 &lt; {&quot;acknowledged&quot;:true,&quot;shards_acknowledged&quot;:true,&quot;index&quot;:&quot;map-index&quot;}
DEBUG 2018-06-13 16:02:48,134 /usr/local/lib/python2.7/site-packages/urllib3/util/retry.py 264668 140601307264768 Converted retries value: False -&gt; Retry(total=False, connect=None, read=None, redirect=0, status=None)
DEBUG 2018-06-13 16:02:48,135 /usr/local/lib/python2.7/site-packages/urllib3/connectionpool.py 264668 140601307264768 http://search:9200 &quot;HEAD /document-index HTTP/1.1&quot; 404 0
DEBUG 2018-06-13 16:02:48,138 /usr/local/lib/python2.7/site-packages/urllib3/util/retry.py 264668 140601307264768 Converted retries value: False -&gt; Retry(total=False, connect=None, read=None, redirect=0, status=None)
DEBUG 2018-06-13 16:02:48,386 /usr/local/lib/python2.7/site-packages/urllib3/connectionpool.py 264668 140601307264768 http://search:9200 &quot;PUT /document-index HTTP/1.1&quot; 200 73
INFO 2018-06-13 16:02:48,387 /usr/local/lib/python2.7/site-packages/elasticsearch/connection/base.py 264668 140601307264768 PUT http://search:9200/document-index [status:200 request:0.249s]
DEBUG 2018-06-13 16:02:48,387 /usr/local/lib/python2.7/site-packages/elasticsearch/connection/base.py 264668 140601307264768 &gt; {&quot;mappings&quot;:{&quot;doc&quot;:{&quot;properties&quot;:{&quot;rating&quot;:{&quot;type&quot;:&quot;integer&quot;},&quot;category__gn_description&quot;:{&quot;type&quot;:&quot;text&quot;},&quot;abstract&quot;:{&quot;fields&quot;:{&quot;pattern&quot;:{&quot;type&quot;:&quot;text&quot;,&quot;analyzer&quot;:&quot;pattern_analyzer&quot;},&quot;english&quot;:{&quot;type&quot;:&quot;text&quot;,&quot;analyzer&quot;:&quot;english&quot;}},&quot;type&quot;:&quot;text&quot;},&quot;bbox_bottom&quot;:{&quot;type&quot;:&quot;float&quot;},&quot;num_ratings&quot;:{&quot;type&quot;:&quot;integer&quot;},&quot;srid&quot;:{&quot;type&quot;:&quot;keyword&quot;},&quot;keywords&quot;:{&quot;fields&quot;:{&quot;text&quot;:{&quot;type&quot;:&quot;text&quot;},&quot;english&quot;:{&quot;type&quot;:&quot;text&quot;,&quot;analyzer&quot;:&quot;english&quot;}},&quot;type&quot;:&quot;keyword&quot;},&quot;detail_url&quot;:{&quot;type&quot;:&quot;keyword&quot;},&quot;id&quot;:{&quot;type&quot;:&quot;integer&quot;},&quot;category&quot;:{&quot;fields&quot;:{&quot;text&quot;:{&quot;type&quot;:&quot;text&quot;},&quot;english&quot;:{&quot;type&quot;:&quot;text&quot;,&quot;analyzer&quot;:&quot;english&quot;}},&quot;type&quot;:&quot;keyword&quot;},&quot;uuid&quot;:{&quot;type&quot;:&quot;keyword&quot;},&quot;title&quot;:{&quot;fields&quot;:{&quot;pattern&quot;:{&quot;type&quot;:&quot;text&quot;,&quot;analyzer&quot;:&quot;pattern_analyzer&quot;},&quot;english&quot;:{&quot;type&quot;:&quot;text&quot;,&quot;analyzer&quot;:&quot;english&quot;}},&quot;type&quot;:&quot;text&quot;},&quot;num_comments&quot;:{&quot;type&quot;:&quot;integer&quot;},&quot;title_sortable&quot;:{&quot;type&quot;:&quot;keyword&quot;},&quot;regions&quot;:{&quot;fields&quot;:{&quot;text&quot;:{&quot;type&quot;:&quot;text&quot;},&quot;english&quot;:{&quot;type&quot;:&quot;text&quot;,&quot;analyzer&quot;:&quot;english&quot;}},&quot;type&quot;:&quot;keyword&quot;},&quot;share_count&quot;:{&quot;type&quot;:&quot;integer&quot;},&quot;type&quot;:{&quot;fields&quot;:{&quot;text&quot;:{&quot;type&quot;:&quot;text&quot;},&quot;english&quot;:{&quot;type&quot;:&quot;text&quot;,&quot;analyzer&quot;:&quot;english&quot;}},&quot;type&quot;:&quot;keyword&quot;},&quot;bbox_top&quot;:{&quot;type&quot;:&quot;float&quot;},&quot;popular_count&quot;:{&quot;type&quot;:&quot;integer&quot;},&quot;bbox_right&quot;:{&quot;type&quot;:&quot;float&quot;},&quot;date&quot;:{&quot;type&quot;:&quot;date&quot;},&quot;temporal_extent_end&quot;:{&quot;type&quot;:&quot;date&quot;},&quot;supplemental_information&quot;:{&quot;type&quot;:&quot;text&quot;},&quot;bbox_left&quot;:{&quot;type&quot;:&quot;float&quot;},&quot;thumbnail_url&quot;:{&quot;type&quot;:&quot;keyword&quot;},&quot;csw_type&quot;:{&quot;type&quot;:&quot;keyword&quot;},&quot;csw_wkt_geometry&quot;:{&quot;type&quot;:&quot;keyword&quot;},&quot;owner__username&quot;:{&quot;fields&quot;:{&quot;text&quot;:{&quot;type&quot;:&quot;text&quot;}},&quot;type&quot;:&quot;keyword&quot;},&quot;temporal_extent_start&quot;:{&quot;type&quot;:&quot;date&quot;}}}},&quot;settings&quot;:{&quot;analysis&quot;:{&quot;analyzer&quot;:{&quot;pattern_analyzer&quot;:{&quot;pattern&quot;:&quot;\\W|_&quot;,&quot;lowercase&quot;:true,&quot;type&quot;:&quot;pattern&quot;}}}}}
DEBUG 2018-06-13 16:02:48,388 /usr/local/lib/python2.7/site-packages/elasticsearch/connection/base.py 264668 140601307264768 &lt; {&quot;acknowledged&quot;:true,&quot;shards_acknowledged&quot;:true,&quot;index&quot;:&quot;document-index&quot;}
DEBUG 2018-06-13 16:02:48,388 /usr/local/lib/python2.7/site-packages/urllib3/util/retry.py 264668 140601307264768 Converted retries value: False -&gt; Retry(total=False, connect=None, read=None, redirect=0, status=None)
DEBUG 2018-06-13 16:02:48,389 /usr/local/lib/python2.7/site-packages/urllib3/connectionpool.py 264668 140601307264768 http://search:9200 &quot;HEAD /profile-index HTTP/1.1&quot; 404 0
DEBUG 2018-06-13 16:02:48,390 /usr/local/lib/python2.7/site-packages/urllib3/util/retry.py 264668 140601307264768 Converted retries value: False -&gt; Retry(total=False, connect=None, read=None, redirect=0, status=None)
DEBUG 2018-06-13 16:02:48,638 /usr/local/lib/python2.7/site-packages/urllib3/connectionpool.py 264668 140601307264768 http://search:9200 &quot;PUT /profile-index HTTP/1.1&quot; 200 72
INFO 2018-06-13 16:02:48,638 /usr/local/lib/python2.7/site-packages/elasticsearch/connection/base.py 264668 140601307264768 PUT http://search:9200/profile-index [status:200 request:0.249s]
DEBUG 2018-06-13 16:02:48,638 /usr/local/lib/python2.7/site-packages/elasticsearch/connection/base.py 264668 140601307264768 &gt; {&quot;mappings&quot;:{&quot;doc&quot;:{&quot;properties&quot;:{&quot;username&quot;:{&quot;type&quot;:&quot;text&quot;},&quot;profile&quot;:{&quot;type&quot;:&quot;keyword&quot;},&quot;first_name&quot;:{&quot;type&quot;:&quot;text&quot;},&quot;last_name&quot;:{&quot;type&quot;:&quot;text&quot;},&quot;position&quot;:{&quot;type&quot;:&quot;keyword&quot;},&quot;organization&quot;:{&quot;type&quot;:&quot;text&quot;},&quot;type&quot;:{&quot;fields&quot;:{&quot;text&quot;:{&quot;type&quot;:&quot;text&quot;},&quot;english&quot;:{&quot;type&quot;:&quot;text&quot;,&quot;analyzer&quot;:&quot;english&quot;}},&quot;type&quot;:&quot;keyword&quot;},&quot;id&quot;:{&quot;type&quot;:&quot;integer&quot;}}}}}
DEBUG 2018-06-13 16:02:48,639 /usr/local/lib/python2.7/site-packages/elasticsearch/connection/base.py 264668 140601307264768 &lt; {&quot;acknowledged&quot;:true,&quot;shards_acknowledged&quot;:true,&quot;index&quot;:&quot;profile-index&quot;}
DEBUG 2018-06-13 16:02:48,639 /usr/local/lib/python2.7/site-packages/urllib3/util/retry.py 264668 140601307264768 Converted retries value: False -&gt; Retry(total=False, connect=None, read=None, redirect=0, status=None)
DEBUG 2018-06-13 16:02:48,640 /usr/local/lib/python2.7/site-packages/urllib3/connectionpool.py 264668 140601307264768 http://search:9200 &quot;HEAD /group-index HTTP/1.1&quot; 404 0
DEBUG 2018-06-13 16:02:48,641 /usr/local/lib/python2.7/site-packages/urllib3/util/retry.py 264668 140601307264768 Converted retries value: False -&gt; Retry(total=False, connect=None, read=None, redirect=0, status=None)
DEBUG 2018-06-13 16:02:48,861 /usr/local/lib/python2.7/site-packages/urllib3/connectionpool.py 264668 140601307264768 http://search:9200 &quot;PUT /group-index HTTP/1.1&quot; 200 70
INFO 2018-06-13 16:02:48,861 /usr/local/lib/python2.7/site-packages/elasticsearch/connection/base.py 264668 140601307264768 PUT http://search:9200/group-index [status:200 request:0.220s]
DEBUG 2018-06-13 16:02:48,861 /usr/local/lib/python2.7/site-packages/elasticsearch/connection/base.py 264668 140601307264768 &gt; {&quot;mappings&quot;:{&quot;doc&quot;:{&quot;properties&quot;:{&quot;description&quot;:{&quot;type&quot;:&quot;text&quot;},&quot;title&quot;:{&quot;fields&quot;:{&quot;pattern&quot;:{&quot;type&quot;:&quot;text&quot;,&quot;analyzer&quot;:&quot;pattern_analyzer&quot;},&quot;english&quot;:{&quot;type&quot;:&quot;text&quot;,&quot;analyzer&quot;:&quot;english&quot;}},&quot;type&quot;:&quot;text&quot;},&quot;title_sortable&quot;:{&quot;type&quot;:&quot;keyword&quot;},&quot;json&quot;:{&quot;type&quot;:&quot;text&quot;},&quot;type&quot;:{&quot;fields&quot;:{&quot;text&quot;:{&quot;type&quot;:&quot;text&quot;},&quot;english&quot;:{&quot;type&quot;:&quot;text&quot;,&quot;analyzer&quot;:&quot;english&quot;}},&quot;type&quot;:&quot;keyword&quot;},&quot;id&quot;:{&quot;type&quot;:&quot;integer&quot;}}}},&quot;settings&quot;:{&quot;analysis&quot;:{&quot;analyzer&quot;:{&quot;pattern_analyzer&quot;:{&quot;pattern&quot;:&quot;\\W|_&quot;,&quot;lowercase&quot;:true,&quot;type&quot;:&quot;pattern&quot;}}}}}
DEBUG 2018-06-13 16:02:48,861 /usr/local/lib/python2.7/site-packages/elasticsearch/connection/base.py 264668 140601307264768 &lt; {&quot;acknowledged&quot;:true,&quot;shards_acknowledged&quot;:true,&quot;index&quot;:&quot;group-index&quot;}
DEBUG 2018-06-13 16:02:48,862 /usr/local/lib/python2.7/site-packages/urllib3/util/retry.py 264668 140601307264768 Converted retries value: False -&gt; Retry(total=False, connect=None, read=None, redirect=0, status=None)
DEBUG 2018-06-13 16:02:48,862 /usr/local/lib/python2.7/site-packages/urllib3/connectionpool.py 264668 140601307264768 http://search:9200 &quot;HEAD /story-index HTTP/1.1&quot; 404 0
DEBUG 2018-06-13 16:02:48,865 /usr/local/lib/python2.7/site-packages/urllib3/util/retry.py 264668 140601307264768 Converted retries value: False -&gt; Retry(total=False, connect=None, read=None, redirect=0, status=None)
DEBUG 2018-06-13 16:02:49,120 /usr/local/lib/python2.7/site-packages/urllib3/connectionpool.py 264668 140601307264768 http://search:9200 &quot;PUT /story-index HTTP/1.1&quot; 200 70
INFO 2018-06-13 16:02:49,120 /usr/local/lib/python2.7/site-packages/elasticsearch/connection/base.py 264668 140601307264768 PUT http://search:9200/story-index [status:200 request:0.255s]
DEBUG 2018-06-13 16:02:49,120 /usr/local/lib/python2.7/site-packages/elasticsearch/connection/base.py 264668 140601307264768 &gt; {&quot;mappings&quot;:{&quot;doc&quot;:{&quot;properties&quot;:{&quot;rating&quot;:{&quot;type&quot;:&quot;integer&quot;},&quot;owner__last_name&quot;:{&quot;type&quot;:&quot;text&quot;},&quot;category__gn_description&quot;:{&quot;type&quot;:&quot;text&quot;},&quot;distribution_description&quot;:{&quot;type&quot;:&quot;text&quot;},&quot;abstract&quot;:{&quot;fields&quot;:{&quot;pattern&quot;:{&quot;type&quot;:&quot;text&quot;,&quot;analyzer&quot;:&quot;pattern_analyzer&quot;},&quot;english&quot;:{&quot;type&quot;:&quot;text&quot;,&quot;analyzer&quot;:&quot;english&quot;}},&quot;type&quot;:&quot;text&quot;},&quot;bbox_bottom&quot;:{&quot;type&quot;:&quot;float&quot;},&quot;num_ratings&quot;:{&quot;type&quot;:&quot;integer&quot;},&quot;featured&quot;:{&quot;type&quot;:&quot;boolean&quot;},&quot;keywords&quot;:{&quot;fields&quot;:{&quot;text&quot;:{&quot;type&quot;:&quot;text&quot;},&quot;english&quot;:{&quot;type&quot;:&quot;text&quot;,&quot;analyzer&quot;:&quot;english&quot;}},&quot;type&quot;:&quot;keyword&quot;},&quot;detail_url&quot;:{&quot;type&quot;:&quot;keyword&quot;},&quot;id&quot;:{&quot;type&quot;:&quot;integer&quot;},&quot;category&quot;:{&quot;fields&quot;:{&quot;text&quot;:{&quot;type&quot;:&quot;text&quot;},&quot;english&quot;:{&quot;type&quot;:&quot;text&quot;,&quot;analyzer&quot;:&quot;english&quot;}},&quot;type&quot;:&quot;keyword&quot;},&quot;uuid&quot;:{&quot;type&quot;:&quot;keyword&quot;},&quot;title&quot;:{&quot;fields&quot;:{&quot;pattern&quot;:{&quot;type&quot;:&quot;text&quot;,&quot;analyzer&quot;:&quot;pattern_analyzer&quot;},&quot;english&quot;:{&quot;type&quot;:&quot;text&quot;,&quot;analyzer&quot;:&quot;english&quot;}},&quot;type&quot;:&quot;text&quot;},&quot;num_comments&quot;:{&quot;type&quot;:&quot;integer&quot;},&quot;title_sortable&quot;:{&quot;type&quot;:&quot;keyword&quot;},&quot;regions&quot;:{&quot;fields&quot;:{&quot;text&quot;:{&quot;type&quot;:&quot;text&quot;},&quot;english&quot;:{&quot;type&quot;:&quot;text&quot;,&quot;analyzer&quot;:&quot;english&quot;}},&quot;type&quot;:&quot;keyword&quot;},&quot;num_chapters&quot;:{&quot;type&quot;:&quot;integer&quot;},&quot;share_count&quot;:{&quot;type&quot;:&quot;integer&quot;},&quot;type&quot;:{&quot;fields&quot;:{&quot;text&quot;:{&quot;type&quot;:&quot;text&quot;},&quot;english&quot;:{&quot;type&quot;:&quot;text&quot;,&quot;analyzer&quot;:&quot;english&quot;}},&quot;type&quot;:&quot;keyword&quot;},&quot;distribution_url&quot;:{&quot;type&quot;:&quot;keyword&quot;},&quot;bbox_top&quot;:{&quot;type&quot;:&quot;float&quot;},&quot;popular_count&quot;:{&quot;type&quot;:&quot;integer&quot;},&quot;bbox_right&quot;:{&quot;type&quot;:&quot;float&quot;},&quot;date&quot;:{&quot;type&quot;:&quot;date&quot;},&quot;owner__first_name&quot;:{&quot;type&quot;:&quot;text&quot;},&quot;temporal_extent_end&quot;:{&quot;type&quot;:&quot;date&quot;},&quot;bbox_left&quot;:{&quot;type&quot;:&quot;float&quot;},&quot;thumbnail_url&quot;:{&quot;type&quot;:&quot;keyword&quot;},&quot;owner__username&quot;:{&quot;fields&quot;:{&quot;text&quot;:{&quot;type&quot;:&quot;text&quot;}},&quot;type&quot;:&quot;keyword&quot;},&quot;temporal_extent_start&quot;:{&quot;type&quot;:&quot;date&quot;},&quot;is_published&quot;:{&quot;type&quot;:&quot;boolean&quot;}}}},&quot;settings&quot;:{&quot;analysis&quot;:{&quot;analyzer&quot;:{&quot;pattern_analyzer&quot;:{&quot;pattern&quot;:&quot;\\W|_&quot;,&quot;lowercase&quot;:true,&quot;type&quot;:&quot;pattern&quot;}}}}}
DEBUG 2018-06-13 16:02:49,120 /usr/local/lib/python2.7/site-packages/elasticsearch/connection/base.py 264668 140601307264768 &lt; {&quot;acknowledged&quot;:true,&quot;shards_acknowledged&quot;:true,&quot;index&quot;:&quot;story-index&quot;}
DEBUG 2018-06-13 16:02:49,121 /usr/local/lib/python2.7/site-packages/urllib3/util/retry.py 264668 140601307264768 Converted retries value: False -&gt; Retry(total=False, connect=None, read=None, redirect=0, status=None)
DEBUG 2018-06-13 16:02:49,121 /usr/local/lib/python2.7/site-packages/urllib3/connectionpool.py 264668 140601307264768 Starting new HTTP connection (1): search
DEBUG 2018-06-13 16:02:49,122 /usr/local/lib/python2.7/site-packages/urllib3/connectionpool.py 264668 140601307264768 http://search:9200 &quot;PUT /_settings HTTP/1.1&quot; 400 1405
INFO 2018-06-13 16:02:49,123 /usr/local/lib/python2.7/site-packages/elasticsearch/connection/base.py 264668 140601307264768 PUT http://search:9200/_settings [status:400 request:0.002s]
DEBUG 2018-06-13 16:02:49,123 /usr/local/lib/python2.7/site-packages/elasticsearch/connection/base.py 264668 140601307264768 &gt; {&quot;analysis&quot;:{&quot;analyzer&quot;:&quot;snowball&quot;}}
DEBUG 2018-06-13 16:02:49,123 /usr/local/lib/python2.7/site-packages/elasticsearch/connection/base.py 264668 140601307264768 &lt; {&quot;error&quot;:{&quot;root_cause&quot;:[{&quot;type&quot;:&quot;illegal_argument_exception&quot;,&quot;reason&quot;:&quot;Can&apos;t update non dynamic settings [[index.analysis.analyzer]] for open indices [[story-index/17Hemy7bS5CKgIMYYN3mjA], [.monitoring-es-6-2018.06.10/rSOnlkaaQdmHXir22K8WmQ], [profile-index/EGdQ7Yc_RR2WmAVKX0jvzw], [map-index/tnfm7OSFSiqbHoUj6nab2w], [.monitoring-es-6-2018.06.08/tSFEsUdpQiex2ni2CmnjOQ], [.monitoring-es-6-2018.06.13/BGHCYORGR46qrE7e8EogBQ], [.monitoring-es-6-2018.06.09/djRuCBeCQ7C9171M7VBi9Q], [layer-index/8ZuQVw0wRsWhmRCClSzemw], [document-index/Ls8pdu7GQF6C0JHzwFVYDA], [group-index/p25Kd1G6RL20gylEbaGNzQ], [.monitoring-es-6-2018.06.12/hRvuhrplR0KXApBHyllKgw], [.monitoring-es-6-2018.06.11/gV9u8evESJSmQfOienLD_Q]]&quot;}],&quot;type&quot;:&quot;illegal_argument_exception&quot;,&quot;reason&quot;:&quot;Can&apos;t update non dynamic settings [[index.analysis.analyzer]] for open indices [[story-index/17Hemy7bS5CKgIMYYN3mjA], [.monitoring-es-6-2018.06.10/rSOnlkaaQdmHXir22K8WmQ], [profile-index/EGdQ7Yc_RR2WmAVKX0jvzw], [map-index/tnfm7OSFSiqbHoUj6nab2w], [.monitoring-es-6-2018.06.08/tSFEsUdpQiex2ni2CmnjOQ], [.monitoring-es-6-2018.06.13/BGHCYORGR46qrE7e8EogBQ], [.monitoring-es-6-2018.06.09/djRuCBeCQ7C9171M7VBi9Q], [layer-index/8ZuQVw0wRsWhmRCClSzemw], [document-index/Ls8pdu7GQF6C0JHzwFVYDA], [group-index/p25Kd1G6RL20gylEbaGNzQ], [.monitoring-es-6-2018.06.12/hRvuhrplR0KXApBHyllKgw], [.monitoring-es-6-2018.06.11/gV9u8evESJSmQfOienLD_Q]]&quot;},&quot;status&quot;:400}
DEBUG 2018-06-13 16:02:49,123 /usr/local/lib/python2.7/site-packages/urllib3/util/retry.py 264668 140601307264768 Converted retries value: False -&gt; Retry(total=False, connect=None, read=None, redirect=0, status=None)
DEBUG 2018-06-13 16:02:49,124 /usr/local/lib/python2.7/site-packages/urllib3/connectionpool.py 264668 140601307264768 http://search:9200 &quot;GET /layer-index/_search HTTP/1.1&quot; 200 134
INFO 2018-06-13 16:02:49,125 /usr/local/lib/python2.7/site-packages/elasticsearch/connection/base.py 264668 140601307264768 GET http://search:9200/layer-index/_search [status:200 request:0.001s]
DEBUG 2018-06-13 16:02:49,125 /usr/local/lib/python2.7/site-packages/elasticsearch/connection/base.py 264668 140601307264768 &gt; None
DEBUG 2018-06-13 16:02:49,125 /usr/local/lib/python2.7/site-packages/elasticsearch/connection/base.py 264668 140601307264768 &lt; {&quot;took&quot;:0,&quot;timed_out&quot;:false,&quot;_shards&quot;:{&quot;total&quot;:5,&quot;successful&quot;:5,&quot;skipped&quot;:0,&quot;failed&quot;:0},&quot;hits&quot;:{&quot;total&quot;:0,&quot;max_score&quot;:null,&quot;hits&quot;:[]}}
DEBUG 2018-06-13 16:02:49,125 /usr/local/lib/python2.7/site-packages/urllib3/util/retry.py 264668 140601307264768 Converted retries value: False -&gt; Retry(total=False, connect=None, read=None, redirect=0, status=None)
DEBUG 2018-06-13 16:02:49,126 /usr/local/lib/python2.7/site-packages/urllib3/connectionpool.py 264668 140601307264768 http://search:9200 &quot;GET /map-index/_search HTTP/1.1&quot; 200 134
INFO 2018-06-13 16:02:49,127 /usr/local/lib/python2.7/site-packages/elasticsearch/connection/base.py 264668 140601307264768 GET http://search:9200/map-index/_search [status:200 request:0.001s]
DEBUG 2018-06-13 16:02:49,127 /usr/local/lib/python2.7/site-packages/elasticsearch/connection/base.py 264668 140601307264768 &gt; None
DEBUG 2018-06-13 16:02:49,127 /usr/local/lib/python2.7/site-packages/elasticsearch/connection/base.py 264668 140601307264768 &lt; {&quot;took&quot;:0,&quot;timed_out&quot;:false,&quot;_shards&quot;:{&quot;total&quot;:5,&quot;successful&quot;:5,&quot;skipped&quot;:0,&quot;failed&quot;:0},&quot;hits&quot;:{&quot;total&quot;:0,&quot;max_score&quot;:null,&quot;hits&quot;:[]}}
DEBUG 2018-06-13 16:02:49,127 /usr/local/lib/python2.7/site-packages/urllib3/util/retry.py 264668 140601307264768 Converted retries value: False -&gt; Retry(total=False, connect=None, read=None, redirect=0, status=None)
DEBUG 2018-06-13 16:02:49,128 /usr/local/lib/python2.7/site-packages/urllib3/connectionpool.py 264668 140601307264768 http://search:9200 &quot;GET /document-index/_search HTTP/1.1&quot; 200 134
INFO 2018-06-13 16:02:49,129 /usr/local/lib/python2.7/site-packages/elasticsearch/connection/base.py 264668 140601307264768 GET http://search:9200/document-index/_search [status:200 request:0.001s]
DEBUG 2018-06-13 16:02:49,129 /usr/local/lib/python2.7/site-packages/elasticsearch/connection/base.py 264668 140601307264768 &gt; None
DEBUG 2018-06-13 16:02:49,129 /usr/local/lib/python2.7/site-packages/elasticsearch/connection/base.py 264668 140601307264768 &lt; {&quot;took&quot;:0,&quot;timed_out&quot;:false,&quot;_shards&quot;:{&quot;total&quot;:5,&quot;successful&quot;:5,&quot;skipped&quot;:0,&quot;failed&quot;:0},&quot;hits&quot;:{&quot;total&quot;:0,&quot;max_score&quot;:null,&quot;hits&quot;:[]}}
DEBUG 2018-06-13 16:02:49,129 /usr/local/lib/python2.7/site-packages/urllib3/util/retry.py 264668 140601307264768 Converted retries value: False -&gt; Retry(total=False, connect=None, read=None, redirect=0, status=None)
DEBUG 2018-06-13 16:02:49,130 /usr/local/lib/python2.7/site-packages/urllib3/connectionpool.py 264668 140601307264768 http://search:9200 &quot;GET /profile-index/_search HTTP/1.1&quot; 200 134
INFO 2018-06-13 16:02:49,130 /usr/local/lib/python2.7/site-packages/elasticsearch/connection/base.py 264668 140601307264768 GET http://search:9200/profile-index/_search [status:200 request:0.001s]
DEBUG 2018-06-13 16:02:49,131 /usr/local/lib/python2.7/site-packages/elasticsearch/connection/base.py 264668 140601307264768 &gt; None
DEBUG 2018-06-13 16:02:49,131 /usr/local/lib/python2.7/site-packages/elasticsearch/connection/base.py 264668 140601307264768 &lt; {&quot;took&quot;:0,&quot;timed_out&quot;:false,&quot;_shards&quot;:{&quot;total&quot;:5,&quot;successful&quot;:5,&quot;skipped&quot;:0,&quot;failed&quot;:0},&quot;hits&quot;:{&quot;total&quot;:0,&quot;max_score&quot;:null,&quot;hits&quot;:[]}}
DEBUG 2018-06-13 16:02:49,131 /usr/local/lib/python2.7/site-packages/urllib3/util/retry.py 264668 140601307264768 Converted retries value: False -&gt; Retry(total=False, connect=None, read=None, redirect=0, status=None)
DEBUG 2018-06-13 16:02:49,132 /usr/local/lib/python2.7/site-packages/urllib3/connectionpool.py 264668 140601307264768 http://search:9200 &quot;GET /group-index/_search HTTP/1.1&quot; 200 134
INFO 2018-06-13 16:02:49,132 /usr/local/lib/python2.7/site-packages/elasticsearch/connection/base.py 264668 140601307264768 GET http://search:9200/group-index/_search [status:200 request:0.001s]
DEBUG 2018-06-13 16:02:49,133 /usr/local/lib/python2.7/site-packages/elasticsearch/connection/base.py 264668 140601307264768 &gt; None
DEBUG 2018-06-13 16:02:49,133 /usr/local/lib/python2.7/site-packages/elasticsearch/connection/base.py 264668 140601307264768 &lt; {&quot;took&quot;:0,&quot;timed_out&quot;:false,&quot;_shards&quot;:{&quot;total&quot;:5,&quot;successful&quot;:5,&quot;skipped&quot;:0,&quot;failed&quot;:0},&quot;hits&quot;:{&quot;total&quot;:0,&quot;max_score&quot;:null,&quot;hits&quot;:[]}}
DEBUG 2018-06-13 16:02:49,133 /usr/local/lib/python2.7/site-packages/urllib3/util/retry.py 264668 140601307264768 Converted retries value: False -&gt; Retry(total=False, connect=None, read=None, redirect=0, status=None)
DEBUG 2018-06-13 16:02:49,134 /usr/local/lib/python2.7/site-packages/urllib3/connectionpool.py 264668 140601307264768 http://search:9200 &quot;GET /story-index/_search HTTP/1.1&quot; 200 134
INFO 2018-06-13 16:02:49,134 /usr/local/lib/python2.7/site-packages/elasticsearch/connection/base.py 264668 140601307264768 GET http://search:9200/story-index/_search [status:200 request:0.001s]
DEBUG 2018-06-13 16:02:49,135 /usr/local/lib/python2.7/site-packages/elasticsearch/connection/base.py 264668 140601307264768 &gt; None
DEBUG 2018-06-13 16:02:49,135 /usr/local/lib/python2.7/site-packages/elasticsearch/connection/base.py 264668 140601307264768 &lt; {&quot;took&quot;:0,&quot;timed_out&quot;:false,&quot;_shards&quot;:{&quot;total&quot;:5,&quot;successful&quot;:5,&quot;skipped&quot;:0,&quot;failed&quot;:0},&quot;hits&quot;:{&quot;total&quot;:0,&quot;max_score&quot;:null,&quot;hits&quot;:[]}}
DEBUG 2018-06-13 16:02:49,252 /usr/local/lib/python2.7/site-packages/shapely/geos.py 264668 140601307264768 Found GEOS DLL: &lt;CDLL &apos;/usr/local/lib/python2.7/site-packages/shapely/.libs/libgeos_c-8e89822e.so.1.10.2&apos;, handle 55f30c8837f0 at 7fe01a24e250&gt;, using it.
DEBUG 2018-06-13 16:02:49,264 /usr/local/lib/python2.7/site-packages/shapely/geos.py 264668 140601307264768 Trying `CDLL(libc.so.6)`
DEBUG 2018-06-13 16:02:49,265 /usr/local/lib/python2.7/site-packages/shapely/geos.py 264668 140601307264768 Library path: &apos;libc.so.6&apos;
DEBUG 2018-06-13 16:02:49,265 /usr/local/lib/python2.7/site-packages/shapely/geos.py 264668 140601307264768 DLL: &lt;CDLL &apos;libc.so.6&apos;, handle 7fe04af99000 at 7fe01a24e3d0&gt;
DEBUG 2018-06-13 16:02:49,498 /code/exchange/thumbnails/tasks.py 264668 140601307264768 Thumbnail: Registering post_save functions.
DEBUG 2018-06-13 16:02:49,498 /code/exchange/thumbnails/tasks.py 264668 140601307264768 Thumbnail: Registering post_save functions.
DEBUG 2018-06-13 16:02:49,913 /usr/local/lib/python2.7/site-packages/pip/utils/__init__.py 264668 140601307264768 lzma module is not available
DEBUG 2018-06-13 16:02:49,915 /usr/local/lib/python2.7/site-packages/pip/vcs/__init__.py 264668 140601307264768 Registered VCS backend: git
DEBUG 2018-06-13 16:02:49,946 /usr/local/lib/python2.7/site-packages/pip/vcs/__init__.py 264668 140601307264768 Registered VCS backend: hg
DEBUG 2018-06-13 16:02:50,008 /usr/local/lib/python2.7/site-packages/pip/vcs/__init__.py 264668 140601307264768 Registered VCS backend: svn
DEBUG 2018-06-13 16:02:50,009 /usr/local/lib/python2.7/site-packages/pip/vcs/__init__.py 264668 140601307264768 Registered VCS backend: bzr
DEBUG 2018-06-13 16:02:50,300 /usr/local/lib/python2.7/site-packages/urllib3/util/retry.py 264668 140601307264768 Converted retries value: False -&gt; Retry(total=False, connect=None, read=None, redirect=0, status=None)
DEBUG 2018-06-13 16:02:50,321 /usr/local/lib/python2.7/site-packages/urllib3/connectionpool.py 264668 140601307264768 http://search:9200 &quot;PUT /layer-index/doc/4 HTTP/1.1&quot; 201 158
INFO 2018-06-13 16:02:50,322 /usr/local/lib/python2.7/site-packages/elasticsearch/connection/base.py 264668 140601307264768 PUT http://search:9200/layer-index/doc/4 [status:201 request:0.022s]
DEBUG 2018-06-13 16:02:50,322 /usr/local/lib/python2.7/site-packages/elasticsearch/connection/base.py 264668 140601307264768 &gt; {&quot;rating&quot;:0,&quot;owner__last_name&quot;:&quot;Exchange&quot;,&quot;abstract&quot;:&quot;The Airports dataset including other aviation facilities is as of July 6, 2017, and is part of the U.S. Department of Transportation (USDOT)/Bureau of Transportation Statistics&apos;s (BTS&apos;s) National Transportation Atlas Database (NTAD). The Airports database is a geographic point database of aircraft landing facilities in the United States and U.S. Territories. Attribute data is provided on the physical and operational characteristics of the landing facility, current usage including enplanements and aircraft operations, congestion levels and usage categories. This geospatial data is derived from the FAA&apos;s National Airspace System Resource Aeronautical Data Product.&quot;,&quot;bbox_bottom&quot;:-14.3316600001,&quot;num_ratings&quot;:0,&quot;srid&quot;:&quot;EPSG:4326&quot;,&quot;featured&quot;:false,&quot;references&quot;:[{&quot;url&quot;:&quot;http://data-test.boundlessgeo.io/geoserver/wms&quot;,&quot;scheme&quot;:&quot;OGC:WMS&quot;,&quot;name&quot;:&quot;OGC WMS: data-test Service&quot;}],&quot;keywords&quot;:[&quot;airport&quot;,&quot;airports&quot;,&quot;atlas&quot;,&quot;aviation&quot;,&quot;balloonport&quot;,&quot;gliderport&quot;,&quot;heliport&quot;,&quot;ntad&quot;,&quot;national&quot;,&quot;seaplane-base&quot;,&quot;state&quot;,&quot;structures&quot;,&quot;transportation&quot;,&quot;us&quot;,&quot;ultralight&quot;,&quot;united&quot;],&quot;detail_url&quot;:&quot;/layers/data-test:bcs_data:airports&quot;,&quot;id&quot;:4,&quot;uuid&quot;:&quot;ee18383b-c4e3-47b8-a3d2-49312dbda72f&quot;,&quot;title&quot;:&quot;data-test Airports&quot;,&quot;num_comments&quot;:0,&quot;title_sortable&quot;:&quot;data-test airports&quot;,&quot;source_host&quot;:&quot;data-test.boundlessgeo.io&quot;,&quot;subtype&quot;:&quot;remote&quot;,&quot;share_count&quot;:0,&quot;type&quot;:&quot;layer&quot;,&quot;bbox_top&quot;:76.5333333334,&quot;popular_count&quot;:0,&quot;bbox_right&quot;:174.1136194442,&quot;date&quot;:&quot;2018-06-07T19:09:58.412782+00:00&quot;,&quot;owner__first_name&quot;:&quot;Administrator&quot;,&quot;supplemental_information&quot;:&quot;No information provided&quot;,&quot;bbox_left&quot;:-177.3813083332,&quot;typename&quot;:&quot;data-test:bcs_data:airports&quot;,&quot;thumbnail_url&quot;:&quot;/static/geonode/img/missing_thumb.png&quot;,&quot;csw_type&quot;:&quot;dataset&quot;,&quot;csw_wkt_geometry&quot;:&quot;POLYGON((-180 -90,-180 90,180 90,180 -90,-180 -90))&quot;,&quot;owner__username&quot;:&quot;admin&quot;,&quot;is_published&quot;:true}
DEBUG 2018-06-13 16:02:50,323 /usr/local/lib/python2.7/site-packages/elasticsearch/connection/base.py 264668 140601307264768 &lt; {&quot;_index&quot;:&quot;layer-index&quot;,&quot;_type&quot;:&quot;doc&quot;,&quot;_id&quot;:&quot;4&quot;,&quot;_version&quot;:1,&quot;result&quot;:&quot;created&quot;,&quot;_shards&quot;:{&quot;total&quot;:2,&quot;successful&quot;:1,&quot;failed&quot;:0},&quot;_seq_no&quot;:0,&quot;_primary_term&quot;:1}
DEBUG 2018-06-13 16:02:50,343 /usr/local/lib/python2.7/site-packages/urllib3/util/retry.py 264668 140601307264768 Converted retries value: False -&gt; Retry(total=False, connect=None, read=None, redirect=0, status=None)
DEBUG 2018-06-13 16:02:50,356 /usr/local/lib/python2.7/site-packages/urllib3/connectionpool.py 264668 140601307264768 http://search:9200 &quot;PUT /layer-index/doc/2 HTTP/1.1&quot; 201 158
INFO 2018-06-13 16:02:50,357 /usr/local/lib/python2.7/site-packages/elasticsearch/connection/base.py 264668 140601307264768 PUT http://search:9200/layer-index/doc/2 [status:201 request:0.014s]
DEBUG 2018-06-13 16:02:50,357 /usr/local/lib/python2.7/site-packages/elasticsearch/connection/base.py 264668 140601307264768 &gt; {&quot;rating&quot;:0,&quot;owner__last_name&quot;:&quot;Exchange&quot;,&quot;abstract&quot;:&quot;The Congressional Districts dataset is as of July 20, 2017, and is part of the U.S. Department of Transportation (USDOT)/Bureau of Transportation Statistics&apos;s (BTS&apos;s) National Transportation Atlas Database (NTAD). Four (4) records in this dataset were updated recently to reflect the results of the special elections to the 115th United States Congress. The congressional districts for the 115th Congress (January 2017 to 2019) are the third Congressional Districts based on 2010 Census data. Congressional Districts are the 444 areas from which people are elected to the U.S. House of Representatives. After the apportionment of congressional seats among the States based on census population counts, each State is responsible for establishing congressional districts for the purpose of electing representatives. Each congressional district is to be as equal in population to all other congressional districts in a State as practicable. The TIGER/Line shapefiles and related database files (.dbf) are an extract of selected geographic and cartographic information from the U.S. Census Bureau&apos;s Master Address File / Topologically Integrated Geographic Encoding and Referencing (MAF/TIGER) Database (MTDB). The MTDB represents a seamless national file with no overlaps or gaps between parts, however, each TIGER/Line shapefile is designed to stand alone as an independent data set, or they can be combined to cover the entire nation. The TIGER/Line shapefiles for the District of Columbia, Puerto Rico, and the Island Areas (American Samoa, Guam, the Commonwealth of the Northern Mariana Islands, and the U.S. Virgin Islands) each contain a single record for the non-voting delegate district in these areas. The boundaries of all other congressional districts are provided to the Census Bureau through the Redistricting Data Program (RDP).&quot;,&quot;bbox_bottom&quot;:-14.6018130003,&quot;num_ratings&quot;:0,&quot;srid&quot;:&quot;EPSG:4326&quot;,&quot;featured&quot;:false,&quot;references&quot;:[{&quot;url&quot;:&quot;http://data-test.boundlessgeo.io/geoserver/wms&quot;,&quot;scheme&quot;:&quot;OGC:WMS&quot;,&quot;name&quot;:&quot;OGC WMS: data-test Service&quot;}],&quot;keywords&quot;:[&quot;115&quot;,&quot;administrative&quot;,&quot;atlas&quot;,&quot;boundary&quot;,&quot;congress&quot;,&quot;congressional&quot;,&quot;district&quot;,&quot;ntad&quot;,&quot;national&quot;,&quot;states&quot;,&quot;transportation&quot;,&quot;us&quot;,&quot;united&quot;],&quot;detail_url&quot;:&quot;/layers/data-test:bcs_data:115th_congressional_districts&quot;,&quot;id&quot;:2,&quot;uuid&quot;:&quot;13e7d0ca-f9c3-47b1-9041-17eec0354610&quot;,&quot;title&quot;:&quot;data-test 115th Congressional Districts&quot;,&quot;num_comments&quot;:0,&quot;title_sortable&quot;:&quot;data-test 115th congressional districts&quot;,&quot;source_host&quot;:&quot;data-test.boundlessgeo.io&quot;,&quot;subtype&quot;:&quot;remote&quot;,&quot;share_count&quot;:0,&quot;type&quot;:&quot;layer&quot;,&quot;bbox_top&quot;:71.441059,&quot;popular_count&quot;:0,&quot;bbox_right&quot;:179.8596810004,&quot;date&quot;:&quot;2018-06-07T19:09:50.683538+00:00&quot;,&quot;owner__first_name&quot;:&quot;Administrator&quot;,&quot;supplemental_information&quot;:&quot;No information provided&quot;,&quot;bbox_left&quot;:-179.2310859996,&quot;typename&quot;:&quot;data-test:bcs_data:115th_congressional_districts&quot;,&quot;thumbnail_url&quot;:&quot;/static/geonode/img/missing_thumb.png&quot;,&quot;csw_type&quot;:&quot;dataset&quot;,&quot;csw_wkt_geometry&quot;:&quot;POLYGON((-180 -90,-180 90,180 90,180 -90,-180 -90))&quot;,&quot;owner__username&quot;:&quot;admin&quot;,&quot;is_published&quot;:true}
DEBUG 2018-06-13 16:02:50,357 /usr/local/lib/python2.7/site-packages/elasticsearch/connection/base.py 264668 140601307264768 &lt; {&quot;_index&quot;:&quot;layer-index&quot;,&quot;_type&quot;:&quot;doc&quot;,&quot;_id&quot;:&quot;2&quot;,&quot;_version&quot;:1,&quot;result&quot;:&quot;created&quot;,&quot;_shards&quot;:{&quot;total&quot;:2,&quot;successful&quot;:1,&quot;failed&quot;:0},&quot;_seq_no&quot;:1,&quot;_primary_term&quot;:1}
DEBUG 2018-06-13 16:02:50,377 /usr/local/lib/python2.7/site-packages/urllib3/util/retry.py 264668 140601307264768 Converted retries value: False -&gt; Retry(total=False, connect=None, read=None, redirect=0, status=None)
DEBUG 2018-06-13 16:02:50,392 /usr/local/lib/python2.7/site-packages/urllib3/connectionpool.py 264668 140601307264768 http://search:9200 &quot;PUT /layer-index/doc/3 HTTP/1.1&quot; 201 158
INFO 2018-06-13 16:02:50,393 /usr/local/lib/python2.7/site-packages/elasticsearch/connection/base.py 264668 140601307264768 PUT http://search:9200/layer-index/doc/3 [status:201 request:0.017s]
DEBUG 2018-06-13 16:02:50,394 /usr/local/lib/python2.7/site-packages/elasticsearch/connection/base.py 264668 140601307264768 &gt; {&quot;rating&quot;:0,&quot;owner__last_name&quot;:&quot;Exchange&quot;,&quot;abstract&quot;:&quot;A Census Bureau term referring to these entity types: American Indian reservation, American Indian subreservation area, American Indian trust land, tribal jurisdictional statistical area, tribal designated statistical area, Alaska Native Regional Corporation, Alaska Native village, and Alaska Native village statistical area.&quot;,&quot;bbox_bottom&quot;:18.6485404968,&quot;num_ratings&quot;:0,&quot;srid&quot;:&quot;EPSG:4326&quot;,&quot;featured&quot;:false,&quot;references&quot;:[{&quot;url&quot;:&quot;http://data-test.boundlessgeo.io/geoserver/wms&quot;,&quot;scheme&quot;:&quot;OGC:WMS&quot;,&quot;name&quot;:&quot;OGC WMS: data-test Service&quot;}],&quot;keywords&quot;:[&quot;aiannh&quot;,&quot;american-indian&quot;,&quot;census&quot;,&quot;native-alaska&quot;,&quot;native-hawaiian&quot;],&quot;detail_url&quot;:&quot;/layers/data-test:bcs_data:aiannh&quot;,&quot;id&quot;:3,&quot;uuid&quot;:&quot;535d0162-ce06-480e-bd9f-90b04bb0e787&quot;,&quot;title&quot;:&quot;data-test American Indian - Alaska Native - Native Hawaiian Areas&quot;,&quot;num_comments&quot;:0,&quot;title_sortable&quot;:&quot;data-test american indian - alaska native - native hawaiian areas&quot;,&quot;source_host&quot;:&quot;data-test.boundlessgeo.io&quot;,&quot;subtype&quot;:&quot;remote&quot;,&quot;share_count&quot;:0,&quot;type&quot;:&quot;layer&quot;,&quot;bbox_top&quot;:71.6024093628,&quot;popular_count&quot;:0,&quot;bbox_right&quot;:-66.4995040894,&quot;date&quot;:&quot;2018-06-07T19:09:56.987046+00:00&quot;,&quot;owner__first_name&quot;:&quot;Administrator&quot;,&quot;supplemental_information&quot;:&quot;No information provided&quot;,&quot;bbox_left&quot;:-174.7731170654,&quot;typename&quot;:&quot;data-test:bcs_data:aiannh&quot;,&quot;thumbnail_url&quot;:&quot;/static/geonode/img/missing_thumb.png&quot;,&quot;csw_type&quot;:&quot;dataset&quot;,&quot;csw_wkt_geometry&quot;:&quot;POLYGON((-180 -90,-180 90,180 90,180 -90,-180 -90))&quot;,&quot;owner__username&quot;:&quot;admin&quot;,&quot;is_published&quot;:true}
DEBUG 2018-06-13 16:02:50,394 /usr/local/lib/python2.7/site-packages/elasticsearch/connection/base.py 264668 140601307264768 &lt; {&quot;_index&quot;:&quot;layer-index&quot;,&quot;_type&quot;:&quot;doc&quot;,&quot;_id&quot;:&quot;3&quot;,&quot;_version&quot;:1,&quot;result&quot;:&quot;created&quot;,&quot;_shards&quot;:{&quot;total&quot;:2,&quot;successful&quot;:1,&quot;failed&quot;:0},&quot;_seq_no&quot;:0,&quot;_primary_term&quot;:1}
DEBUG 2018-06-13 16:02:50,396 /usr/local/lib/python2.7/site-packages/urllib3/util/retry.py 264668 140601307264768 Converted retries value: False -&gt; Retry(total=False, connect=None, read=None, redirect=0, status=None)
DEBUG 2018-06-13 16:02:50,420 /usr/local/lib/python2.7/site-packages/urllib3/connectionpool.py 264668 140601307264768 http://search:9200 &quot;POST /_bulk HTTP/1.1&quot; 200 582
INFO 2018-06-13 16:02:50,420 /usr/local/lib/python2.7/site-packages/elasticsearch/connection/base.py 264668 140601307264768 POST http://search:9200/_bulk [status:200 request:0.024s]
DEBUG 2018-06-13 16:02:50,421 /usr/local/lib/python2.7/site-packages/elasticsearch/connection/base.py 264668 140601307264768 &gt; {&quot;index&quot;:{&quot;_type&quot;:&quot;doc&quot;,&quot;_id&quot;:&quot;4&quot;,&quot;_version&quot;:1,&quot;_index&quot;:&quot;layer-index&quot;}}
{&quot;rating&quot;:0,&quot;owner__last_name&quot;:&quot;Exchange&quot;,&quot;abstract&quot;:&quot;The Airports dataset including other aviation facilities is as of July 6, 2017, and is part of the U.S. Department of Transportation (USDOT)/Bureau of Transportation Statistics&apos;s (BTS&apos;s) National Transportation Atlas Database (NTAD). The Airports database is a geographic point database of aircraft landing facilities in the United States and U.S. Territories. Attribute data is provided on the physical and operational characteristics of the landing facility, current usage including enplanements and aircraft operations, congestion levels and usage categories. This geospatial data is derived from the FAA&apos;s National Airspace System Resource Aeronautical Data Product.&quot;,&quot;bbox_bottom&quot;:-14.3316600001,&quot;num_ratings&quot;:0,&quot;srid&quot;:&quot;EPSG:4326&quot;,&quot;featured&quot;:false,&quot;references&quot;:[{&quot;url&quot;:&quot;http://data-test.boundlessgeo.io/geoserver/wms&quot;,&quot;scheme&quot;:&quot;OGC:WMS&quot;,&quot;name&quot;:&quot;OGC WMS: data-test Service&quot;}],&quot;keywords&quot;:[&quot;airport&quot;,&quot;airports&quot;,&quot;atlas&quot;,&quot;aviation&quot;,&quot;balloonport&quot;,&quot;gliderport&quot;,&quot;heliport&quot;,&quot;ntad&quot;,&quot;national&quot;,&quot;seaplane-base&quot;,&quot;state&quot;,&quot;structures&quot;,&quot;transportation&quot;,&quot;us&quot;,&quot;ultralight&quot;,&quot;united&quot;],&quot;detail_url&quot;:&quot;/layers/data-test:bcs_data:airports&quot;,&quot;id&quot;:4,&quot;uuid&quot;:&quot;ee18383b-c4e3-47b8-a3d2-49312dbda72f&quot;,&quot;title&quot;:&quot;data-test Airports&quot;,&quot;num_comments&quot;:0,&quot;title_sortable&quot;:&quot;data-test airports&quot;,&quot;source_host&quot;:&quot;data-test.boundlessgeo.io&quot;,&quot;subtype&quot;:&quot;remote&quot;,&quot;share_count&quot;:0,&quot;type&quot;:&quot;layer&quot;,&quot;bbox_top&quot;:76.5333333334,&quot;popular_count&quot;:0,&quot;bbox_right&quot;:174.1136194442,&quot;date&quot;:&quot;2018-06-07T19:09:58.412782+00:00&quot;,&quot;owner__first_name&quot;:&quot;Administrator&quot;,&quot;supplemental_information&quot;:&quot;No information provided&quot;,&quot;bbox_left&quot;:-177.3813083332,&quot;typename&quot;:&quot;data-test:bcs_data:airports&quot;,&quot;thumbnail_url&quot;:&quot;/static/geonode/img/missing_thumb.png&quot;,&quot;csw_type&quot;:&quot;dataset&quot;,&quot;csw_wkt_geometry&quot;:&quot;POLYGON((-180 -90,-180 90,180 90,180 -90,-180 -90))&quot;,&quot;owner__username&quot;:&quot;admin&quot;,&quot;is_published&quot;:true}
{&quot;index&quot;:{&quot;_type&quot;:&quot;doc&quot;,&quot;_id&quot;:&quot;2&quot;,&quot;_version&quot;:1,&quot;_index&quot;:&quot;layer-index&quot;}}
{&quot;rating&quot;:0,&quot;owner__last_name&quot;:&quot;Exchange&quot;,&quot;abstract&quot;:&quot;The Congressional Districts dataset is as of July 20, 2017, and is part of the U.S. Department of Transportation (USDOT)/Bureau of Transportation Statistics&apos;s (BTS&apos;s) National Transportation Atlas Database (NTAD). Four (4) records in this dataset were updated recently to reflect the results of the special elections to the 115th United States Congress. The congressional districts for the 115th Congress (January 2017 to 2019) are the third Congressional Districts based on 2010 Census data. Congressional Districts are the 444 areas from which people are elected to the U.S. House of Representatives. After the apportionment of congressional seats among the States based on census population counts, each State is responsible for establishing congressional districts for the purpose of electing representatives. Each congressional district is to be as equal in population to all other congressional districts in a State as practicable. The TIGER/Line shapefiles and related database files (.dbf) are an extract of selected geographic and cartographic information from the U.S. Census Bureau&apos;s Master Address File / Topologically Integrated Geographic Encoding and Referencing (MAF/TIGER) Database (MTDB). The MTDB represents a seamless national file with no overlaps or gaps between parts, however, each TIGER/Line shapefile is designed to stand alone as an independent data set, or they can be combined to cover the entire nation. The TIGER/Line shapefiles for the District of Columbia, Puerto Rico, and the Island Areas (American Samoa, Guam, the Commonwealth of the Northern Mariana Islands, and the U.S. Virgin Islands) each contain a single record for the non-voting delegate district in these areas. The boundaries of all other congressional districts are provided to the Census Bureau through the Redistricting Data Program (RDP).&quot;,&quot;bbox_bottom&quot;:-14.6018130003,&quot;num_ratings&quot;:0,&quot;srid&quot;:&quot;EPSG:4326&quot;,&quot;featured&quot;:false,&quot;references&quot;:[{&quot;url&quot;:&quot;http://data-test.boundlessgeo.io/geoserver/wms&quot;,&quot;scheme&quot;:&quot;OGC:WMS&quot;,&quot;name&quot;:&quot;OGC WMS: data-test Service&quot;}],&quot;keywords&quot;:[&quot;115&quot;,&quot;administrative&quot;,&quot;atlas&quot;,&quot;boundary&quot;,&quot;congress&quot;,&quot;congressional&quot;,&quot;district&quot;,&quot;ntad&quot;,&quot;national&quot;,&quot;states&quot;,&quot;transportation&quot;,&quot;us&quot;,&quot;united&quot;],&quot;detail_url&quot;:&quot;/layers/data-test:bcs_data:115th_congressional_districts&quot;,&quot;id&quot;:2,&quot;uuid&quot;:&quot;13e7d0ca-f9c3-47b1-9041-17eec0354610&quot;,&quot;title&quot;:&quot;data-test 115th Congressional Districts&quot;,&quot;num_comments&quot;:0,&quot;title_sortable&quot;:&quot;data-test 115th congressional districts&quot;,&quot;source_host&quot;:&quot;data-test.boundlessgeo.io&quot;,&quot;subtype&quot;:&quot;remote&quot;,&quot;share_count&quot;:0,&quot;type&quot;:&quot;layer&quot;,&quot;bbox_top&quot;:71.441059,&quot;popular_count&quot;:0,&quot;bbox_right&quot;:179.8596810004,&quot;date&quot;:&quot;2018-06-07T19:09:50.683538+00:00&quot;,&quot;owner__first_name&quot;:&quot;Administrator&quot;,&quot;supplemental_information&quot;:&quot;No information provided&quot;,&quot;bbox_left&quot;:-179.2310859996,&quot;typename&quot;:&quot;data-test:bcs_data:115th_congressional_districts&quot;,&quot;thumbnail_url&quot;:&quot;/static/geonode/img/missing_thumb.png&quot;,&quot;csw_type&quot;:&quot;dataset&quot;,&quot;csw_wkt_geometry&quot;:&quot;POLYGON((-180 -90,-180 90,180 90,180 -90,-180 -90))&quot;,&quot;owner__username&quot;:&quot;admin&quot;,&quot;is_published&quot;:true}
{&quot;index&quot;:{&quot;_type&quot;:&quot;doc&quot;,&quot;_id&quot;:&quot;3&quot;,&quot;_version&quot;:1,&quot;_index&quot;:&quot;layer-index&quot;}}
{&quot;rating&quot;:0,&quot;owner__last_name&quot;:&quot;Exchange&quot;,&quot;abstract&quot;:&quot;A Census Bureau term referring to these entity types: American Indian reservation, American Indian subreservation area, American Indian trust land, tribal jurisdictional statistical area, tribal designated statistical area, Alaska Native Regional Corporation, Alaska Native village, and Alaska Native village statistical area.&quot;,&quot;bbox_bottom&quot;:18.6485404968,&quot;num_ratings&quot;:0,&quot;srid&quot;:&quot;EPSG:4326&quot;,&quot;featured&quot;:false,&quot;references&quot;:[{&quot;url&quot;:&quot;http://data-test.boundlessgeo.io/geoserver/wms&quot;,&quot;scheme&quot;:&quot;OGC:WMS&quot;,&quot;name&quot;:&quot;OGC WMS: data-test Service&quot;}],&quot;keywords&quot;:[&quot;aiannh&quot;,&quot;american-indian&quot;,&quot;census&quot;,&quot;native-alaska&quot;,&quot;native-hawaiian&quot;],&quot;detail_url&quot;:&quot;/layers/data-test:bcs_data:aiannh&quot;,&quot;id&quot;:3,&quot;uuid&quot;:&quot;535d0162-ce06-480e-bd9f-90b04bb0e787&quot;,&quot;title&quot;:&quot;data-test American Indian - Alaska Native - Native Hawaiian Areas&quot;,&quot;num_comments&quot;:0,&quot;title_sortable&quot;:&quot;data-test american indian - alaska native - native hawaiian areas&quot;,&quot;source_host&quot;:&quot;data-test.boundlessgeo.io&quot;,&quot;subtype&quot;:&quot;remote&quot;,&quot;share_count&quot;:0,&quot;type&quot;:&quot;layer&quot;,&quot;bbox_top&quot;:71.6024093628,&quot;popular_count&quot;:0,&quot;bbox_right&quot;:-66.4995040894,&quot;date&quot;:&quot;2018-06-07T19:09:56.987046+00:00&quot;,&quot;owner__first_name&quot;:&quot;Administrator&quot;,&quot;supplemental_information&quot;:&quot;No information provided&quot;,&quot;bbox_left&quot;:-174.7731170654,&quot;typename&quot;:&quot;data-test:bcs_data:aiannh&quot;,&quot;thumbnail_url&quot;:&quot;/static/geonode/img/missing_thumb.png&quot;,&quot;csw_type&quot;:&quot;dataset&quot;,&quot;csw_wkt_geometry&quot;:&quot;POLYGON((-180 -90,-180 90,180 90,180 -90,-180 -90))&quot;,&quot;owner__username&quot;:&quot;admin&quot;,&quot;is_published&quot;:true}

DEBUG 2018-06-13 16:02:50,421 /usr/local/lib/python2.7/site-packages/elasticsearch/connection/base.py 264668 140601307264768 &lt; {&quot;took&quot;:22,&quot;errors&quot;:false,&quot;items&quot;:[{&quot;index&quot;:{&quot;_index&quot;:&quot;layer-index&quot;,&quot;_type&quot;:&quot;doc&quot;,&quot;_id&quot;:&quot;4&quot;,&quot;_version&quot;:2,&quot;result&quot;:&quot;updated&quot;,&quot;_shards&quot;:{&quot;total&quot;:2,&quot;successful&quot;:1,&quot;failed&quot;:0},&quot;_seq_no&quot;:2,&quot;_primary_term&quot;:1,&quot;status&quot;:200}},{&quot;index&quot;:{&quot;_index&quot;:&quot;layer-index&quot;,&quot;_type&quot;:&quot;doc&quot;,&quot;_id&quot;:&quot;2&quot;,&quot;_version&quot;:2,&quot;result&quot;:&quot;updated&quot;,&quot;_shards&quot;:{&quot;total&quot;:2,&quot;successful&quot;:1,&quot;failed&quot;:0},&quot;_seq_no&quot;:3,&quot;_primary_term&quot;:1,&quot;status&quot;:200}},{&quot;index&quot;:{&quot;_index&quot;:&quot;layer-index&quot;,&quot;_type&quot;:&quot;doc&quot;,&quot;_id&quot;:&quot;3&quot;,&quot;_version&quot;:2,&quot;result&quot;:&quot;updated&quot;,&quot;_shards&quot;:{&quot;total&quot;:2,&quot;successful&quot;:1,&quot;failed&quot;:0},&quot;_seq_no&quot;:1,&quot;_primary_term&quot;:1,&quot;status&quot;:200}}]}
DEBUG 2018-06-13 16:02:50,430 /usr/local/lib/python2.7/site-packages/urllib3/util/retry.py 264668 140601307264768 Converted retries value: False -&gt; Retry(total=False, connect=None, read=None, redirect=0, status=None)
DEBUG 2018-06-13 16:02:50,449 /usr/local/lib/python2.7/site-packages/urllib3/connectionpool.py 264668 140601307264768 http://search:9200 &quot;PUT /profile-index/doc/-1 HTTP/1.1&quot; 201 161
INFO 2018-06-13 16:02:50,450 /usr/local/lib/python2.7/site-packages/elasticsearch/connection/base.py 264668 140601307264768 PUT http://search:9200/profile-index/doc/-1 [status:201 request:0.020s]
DEBUG 2018-06-13 16:02:50,450 /usr/local/lib/python2.7/site-packages/elasticsearch/connection/base.py 264668 140601307264768 &gt; {&quot;username&quot;:&quot;AnonymousUser&quot;,&quot;first_name&quot;:&quot;&quot;,&quot;last_name&quot;:&quot;&quot;,&quot;type&quot;:&quot;user&quot;,&quot;id&quot;:-1}
DEBUG 2018-06-13 16:02:50,450 /usr/local/lib/python2.7/site-packages/elasticsearch/connection/base.py 264668 140601307264768 &lt; {&quot;_index&quot;:&quot;profile-index&quot;,&quot;_type&quot;:&quot;doc&quot;,&quot;_id&quot;:&quot;-1&quot;,&quot;_version&quot;:1,&quot;result&quot;:&quot;created&quot;,&quot;_shards&quot;:{&quot;total&quot;:2,&quot;successful&quot;:1,&quot;failed&quot;:0},&quot;_seq_no&quot;:0,&quot;_primary_term&quot;:1}
DEBUG 2018-06-13 16:02:50,452 /usr/local/lib/python2.7/site-packages/urllib3/util/retry.py 264668 140601307264768 Converted retries value: False -&gt; Retry(total=False, connect=None, read=None, redirect=0, status=None)
DEBUG 2018-06-13 16:02:50,465 /usr/local/lib/python2.7/site-packages/urllib3/connectionpool.py 264668 140601307264768 http://search:9200 &quot;PUT /profile-index/doc/1 HTTP/1.1&quot; 201 160
INFO 2018-06-13 16:02:50,465 /usr/local/lib/python2.7/site-packages/elasticsearch/connection/base.py 264668 140601307264768 PUT http://search:9200/profile-index/doc/1 [status:201 request:0.014s]
DEBUG 2018-06-13 16:02:50,466 /usr/local/lib/python2.7/site-packages/elasticsearch/connection/base.py 264668 140601307264768 &gt; {&quot;username&quot;:&quot;admin&quot;,&quot;first_name&quot;:&quot;Administrator&quot;,&quot;last_name&quot;:&quot;Exchange&quot;,&quot;type&quot;:&quot;user&quot;,&quot;id&quot;:1}
DEBUG 2018-06-13 16:02:50,466 /usr/local/lib/python2.7/site-packages/elasticsearch/connection/base.py 264668 140601307264768 &lt; {&quot;_index&quot;:&quot;profile-index&quot;,&quot;_type&quot;:&quot;doc&quot;,&quot;_id&quot;:&quot;1&quot;,&quot;_version&quot;:1,&quot;result&quot;:&quot;created&quot;,&quot;_shards&quot;:{&quot;total&quot;:2,&quot;successful&quot;:1,&quot;failed&quot;:0},&quot;_seq_no&quot;:0,&quot;_primary_term&quot;:1}
DEBUG 2018-06-13 16:02:50,467 /usr/local/lib/python2.7/site-packages/urllib3/util/retry.py 264668 140601307264768 Converted retries value: False -&gt; Retry(total=False, connect=None, read=None, redirect=0, status=None)
DEBUG 2018-06-13 16:02:50,474 /usr/local/lib/python2.7/site-packages/urllib3/connectionpool.py 264668 140601307264768 http://search:9200 &quot;PUT /profile-index/doc/2 HTTP/1.1&quot; 201 160
INFO 2018-06-13 16:02:50,475 /usr/local/lib/python2.7/site-packages/elasticsearch/connection/base.py 264668 140601307264768 PUT http://search:9200/profile-index/doc/2 [status:201 request:0.008s]
DEBUG 2018-06-13 16:02:50,475 /usr/local/lib/python2.7/site-packages/elasticsearch/connection/base.py 264668 140601307264768 &gt; {&quot;username&quot;:&quot;test&quot;,&quot;first_name&quot;:&quot;Test&quot;,&quot;last_name&quot;:&quot;User&quot;,&quot;type&quot;:&quot;user&quot;,&quot;id&quot;:2}
DEBUG 2018-06-13 16:02:50,475 /usr/local/lib/python2.7/site-packages/elasticsearch/connection/base.py 264668 140601307264768 &lt; {&quot;_index&quot;:&quot;profile-index&quot;,&quot;_type&quot;:&quot;doc&quot;,&quot;_id&quot;:&quot;2&quot;,&quot;_version&quot;:1,&quot;result&quot;:&quot;created&quot;,&quot;_shards&quot;:{&quot;total&quot;:2,&quot;successful&quot;:1,&quot;failed&quot;:0},&quot;_seq_no&quot;:0,&quot;_primary_term&quot;:1}
DEBUG 2018-06-13 16:02:50,476 /usr/local/lib/python2.7/site-packages/urllib3/util/retry.py 264668 140601307264768 Converted retries value: False -&gt; Retry(total=False, connect=None, read=None, redirect=0, status=None)
DEBUG 2018-06-13 16:02:50,489 /usr/local/lib/python2.7/site-packages/urllib3/connectionpool.py 264668 140601307264768 http://search:9200 &quot;POST /_bulk HTTP/1.1&quot; 200 589
INFO 2018-06-13 16:02:50,490 /usr/local/lib/python2.7/site-packages/elasticsearch/connection/base.py 264668 140601307264768 POST http://search:9200/_bulk [status:200 request:0.014s]
DEBUG 2018-06-13 16:02:50,490 /usr/local/lib/python2.7/site-packages/elasticsearch/connection/base.py 264668 140601307264768 &gt; {&quot;index&quot;:{&quot;_type&quot;:&quot;doc&quot;,&quot;_id&quot;:&quot;-1&quot;,&quot;_version&quot;:1,&quot;_index&quot;:&quot;profile-index&quot;}}
{&quot;username&quot;:&quot;AnonymousUser&quot;,&quot;first_name&quot;:&quot;&quot;,&quot;last_name&quot;:&quot;&quot;,&quot;type&quot;:&quot;user&quot;,&quot;id&quot;:-1}
{&quot;index&quot;:{&quot;_type&quot;:&quot;doc&quot;,&quot;_id&quot;:&quot;1&quot;,&quot;_version&quot;:1,&quot;_index&quot;:&quot;profile-index&quot;}}
{&quot;username&quot;:&quot;admin&quot;,&quot;first_name&quot;:&quot;Administrator&quot;,&quot;last_name&quot;:&quot;Exchange&quot;,&quot;type&quot;:&quot;user&quot;,&quot;id&quot;:1}
{&quot;index&quot;:{&quot;_type&quot;:&quot;doc&quot;,&quot;_id&quot;:&quot;2&quot;,&quot;_version&quot;:1,&quot;_index&quot;:&quot;profile-index&quot;}}
{&quot;username&quot;:&quot;test&quot;,&quot;first_name&quot;:&quot;Test&quot;,&quot;last_name&quot;:&quot;User&quot;,&quot;type&quot;:&quot;user&quot;,&quot;id&quot;:2}

DEBUG 2018-06-13 16:02:50,490 /usr/local/lib/python2.7/site-packages/elasticsearch/connection/base.py 264668 140601307264768 &lt; {&quot;took&quot;:11,&quot;errors&quot;:false,&quot;items&quot;:[{&quot;index&quot;:{&quot;_index&quot;:&quot;profile-index&quot;,&quot;_type&quot;:&quot;doc&quot;,&quot;_id&quot;:&quot;-1&quot;,&quot;_version&quot;:2,&quot;result&quot;:&quot;updated&quot;,&quot;_shards&quot;:{&quot;total&quot;:2,&quot;successful&quot;:1,&quot;failed&quot;:0},&quot;_seq_no&quot;:1,&quot;_primary_term&quot;:1,&quot;status&quot;:200}},{&quot;index&quot;:{&quot;_index&quot;:&quot;profile-index&quot;,&quot;_type&quot;:&quot;doc&quot;,&quot;_id&quot;:&quot;1&quot;,&quot;_version&quot;:2,&quot;result&quot;:&quot;updated&quot;,&quot;_shards&quot;:{&quot;total&quot;:2,&quot;successful&quot;:1,&quot;failed&quot;:0},&quot;_seq_no&quot;:1,&quot;_primary_term&quot;:1,&quot;status&quot;:200}},{&quot;index&quot;:{&quot;_index&quot;:&quot;profile-index&quot;,&quot;_type&quot;:&quot;doc&quot;,&quot;_id&quot;:&quot;2&quot;,&quot;_version&quot;:2,&quot;result&quot;:&quot;updated&quot;,&quot;_shards&quot;:{&quot;total&quot;:2,&quot;successful&quot;:1,&quot;failed&quot;:0},&quot;_seq_no&quot;:1,&quot;_primary_term&quot;:1,&quot;status&quot;:200}}]}
DEBUG 2018-06-13 16:02:50,584 /code/exchange/pki/models.py 264668 140601307264768 hostnameport_pattern_cache rebuilt: []
DEBUG 2018-06-13 16:02:50,584 /code/exchange/pki/models.py 264668 140601307264768 hostnameport_pattern_proxy_cache rebuilt: []
DEBUG 2018-06-13 16:02:50,587 /code/exchange/tests/pki_test.py 264668 140601307264768 SslConfig.objects:
[&lt;SslConfig: Default: TLS-only&gt;, &lt;SslConfig: Just custom CAs&gt;, &lt;SslConfig: PKI: key with no password&gt;, &lt;SslConfig: PKI: key with password&gt;, &lt;SslConfig: PKI: key with password; TLSv1_2-only; alt root CA chain&gt;, &lt;SslConfig: PKI: key with password; TLSv1_2-only&gt;, &lt;SslConfig: PKI: key with no password; custom CAs with no validation&gt;, &lt;SslConfig: PKI: key with no password; TLSv1_2-only (via ssl_options)&gt;]
DEBUG 2018-06-13 16:02:50,590 /code/exchange/tests/pki_test.py 264668 140601307264768 HostnamePort.objects:
[&lt;SslConfig: Default: TLS-only&gt;, &lt;SslConfig: Just custom CAs&gt;, &lt;SslConfig: PKI: key with no password&gt;, &lt;SslConfig: PKI: key with password&gt;, &lt;SslConfig: PKI: key with password; TLSv1_2-only; alt root CA chain&gt;, &lt;SslConfig: PKI: key with password; TLSv1_2-only&gt;, &lt;SslConfig: PKI: key with no password; custom CAs with no validation&gt;, &lt;SslConfig: PKI: key with no password; TLSv1_2-only (via ssl_options)&gt;]
DEBUG 2018-06-13 16:02:50,590 /code/exchange/tests/pki_test.py 264668 140601307264768 PKI_DIRECTORY: /usr/local/exchange-pki
DEBUG 2018-06-13 16:02:50,594 /code/exchange/tests/pki_test.py 264668 140601307264768 Attempt Hostname:Port mapping for SslConfig: PKI: key with password
DEBUG 2018-06-13 16:02:50,599 /code/exchange/pki/models.py 264668 140601307264768 hostnameport_pattern_cache rebuilt: [u&apos;mapproxy.boundless.test:8344*&apos;]
DEBUG 2018-06-13 16:02:50,599 /code/exchange/pki/models.py 264668 140601307264768 hostnameport_pattern_proxy_cache rebuilt: [u&apos;mapproxy.boundless.test:8344*&apos;]
DEBUG 2018-06-13 16:02:50,601 /code/exchange/pki/models.py 264668 140601307264768 Fetching SslConfig related record, for hostname:port pattern: mapproxy.boundless.test:8344*
DEBUG 2018-06-13 16:02:50,603 /code/exchange/pki/models.py 264668 140601307264768 Found SslConfig related record: PKI: key with password
DEBUG 2018-06-13 16:02:50,612 /code/exchange/tests/pki_test.py 264668 140601307264768 Hostname:Port mappings:
[&lt;HostnamePortSslConfig: mapproxy.boundless.test:8344* -&gt; SSL config: PKI: key with password&gt;]
DEBUG 2018-06-13 16:02:50,617 /code/exchange/pki/models.py 264668 140601307264768 hostnameport_pattern_cache rebuilt: [u&apos;mapproxy.boundless.test:8344*&apos;]
DEBUG 2018-06-13 16:02:50,617 /code/exchange/pki/models.py 264668 140601307264768 hostnameport_pattern_proxy_cache rebuilt: [u&apos;mapproxy.boundless.test:8344*&apos;]
DEBUG 2018-06-13 16:02:50,618 /code/exchange/pki/models.py 264668 140601307264768 URL matches hostname:port pattern: https://maPproxy.Boundless.test:8344/ &gt; &apos;mapproxy.boundless.test:8344*&apos;
DEBUG 2018-06-13 16:02:50,619 /code/exchange/pki/models.py 264668 140601307264768 Fetching SslConfig related record, for hostname:port pattern: mapproxy.boundless.test:8344*
DEBUG 2018-06-13 16:02:50,623 /code/exchange/pki/models.py 264668 140601307264768 Found SslConfig related record: PKI: key with password
</system-err></testcase><testcase classname="exchange.tests.pki_test.TestSslContextSessionAdapter" file="exchange/tests/pki_test.py" line="306" name="testSslContextSession" time="0.234956026077"><failure message="IOError: [Errno 2] No such file or directory">self = &lt;exchange.tests.pki_test.TestSslContextSessionAdapter testMethod=testSslContextSession&gt;

    def testSslContextSession(self):
        def clear_adapters():
            https_client.clear_https_adapters()
            self.assertEqual(len(https_client.adapters), 1)  # just &apos;http://&apos;
    
        self.assertIsInstance(https_client, SslContextSession)
    
        self.assertEqual(len(https_client.adapters), 1)  # for &apos;http://&apos;
    
        https_client.mount(&apos;https://&apos;, HTTPAdapter())
        self.assertEqual(len(https_client.adapters), 2)
        clear_adapters()
    
        resp = https_client.get(self.mp_root_http)
        self.assertEqual(resp.status_code, 200)
        # No new adapters should have been created
        self.assertEqual(len(https_client.adapters), 1)
    
        resp = https_client.get(&apos;https://example.com&apos;)
        self.assertEqual(resp.status_code, 200)
        self.assertEqual(len(https_client.adapters), 2)
    
        # Should not delete any http adapters
        clear_adapters()
    
        resp2 = None
        try:
            resp2 = https_client.get(self.mp_root)
        except SSLError:
            pass  # needs PKI
        if resp2:
            self.assertEqual(resp2.status_code, 400)  # needs PKI
        mp_adptr = https_client.get_adapter(requests_base_url(self.mp_root))
        self.assertIsNotNone(mp_adptr)
        self.assertIsInstance(mp_adptr, HTTPAdapter)
        self.assertEqual(len(https_client.adapters), 2)
    
        clear_adapters()
    
        # Now add it back, so we can verify adding a mapping clears bad adapter
        resp2 = None
        try:
            resp2 = https_client.get(self.mp_root)
        except SSLError:
            pass  # still needs PKI
        if resp2:
            self.assertEqual(resp2.status_code, 400)  # still needs PKI
        self.assertEqual(len(https_client.adapters), 2)
    
        # Add a PKI SslConfig mapping for the MapProxy endpoint
        config = self.ssl_config_4
&gt;       self.create_hostname_port_mapping(config)

exchange/tests/pki_test.py:358: 
_ _ _ _ _ _ _ _ _ _ _ _ _ _ _ _ _ _ _ _ _ _ _ _ _ _ _ _ _ _ _ _ _ _ _ _ _ _ _ _ _ _ _ _ _ _ _ _ _ _ _ _ _ _ _ _ _ _ _ _ _ _ _ _ _ _ _ _ _ _ _ _ _ _ _ _ _ _ _ _ _ _ _ _ _
exchange/tests/pki_test.py:242: in create_hostname_port_mapping
    ptn, ssl_config)
exchange/pki/models.py:551: in create_hostnameportsslconfig
    ssl_config=ssl_config
/usr/local/lib/python2.7/site-packages/django/db/models/manager.py:127: in manager_method
    return getattr(self.get_queryset(), name)(*args, **kwargs)
/usr/local/lib/python2.7/site-packages/django/db/models/query.py:348: in create
    obj.save(force_insert=True, using=self.db)
/usr/local/lib/python2.7/site-packages/ordered_model/models.py:73: in save
    super(OrderedModelBase, self).save(*args, **kwargs)
/usr/local/lib/python2.7/site-packages/django/db/models/base.py:734: in save
    force_update=force_update, update_fields=update_fields)
/usr/local/lib/python2.7/site-packages/django/db/models/base.py:771: in save_base
    update_fields=update_fields, raw=raw, using=using)
/usr/local/lib/python2.7/site-packages/django/dispatch/dispatcher.py:189: in send
[...]
{&quot;index&quot;:{&quot;_type&quot;:&quot;doc&quot;,&quot;_id&quot;:&quot;3&quot;,&quot;_version&quot;:1,&quot;_index&quot;:&quot;layer-index&quot;}}
{&quot;rating&quot;:0,&quot;owner__last_name&quot;:&quot;Exchange&quot;,&quot;abstract&quot;:&quot;A Census Bureau term referring to these entity types: American Indian reservation, American Indian subreservation area, American Indian trust land, tribal jurisdictional statistical area, tribal designated statistical area, Alaska Native Regional Corporation, Alaska Native village, and Alaska Native village statistical area.&quot;,&quot;bbox_bottom&quot;:18.6485404968,&quot;num_ratings&quot;:0,&quot;srid&quot;:&quot;EPSG:4326&quot;,&quot;featured&quot;:false,&quot;references&quot;:[{&quot;url&quot;:&quot;http://data-test.boundlessgeo.io/geoserver/wms&quot;,&quot;scheme&quot;:&quot;OGC:WMS&quot;,&quot;name&quot;:&quot;OGC WMS: data-test Service&quot;}],&quot;keywords&quot;:[&quot;aiannh&quot;,&quot;american-indian&quot;,&quot;census&quot;,&quot;native-alaska&quot;,&quot;native-hawaiian&quot;],&quot;detail_url&quot;:&quot;/layers/data-test:bcs_data:aiannh&quot;,&quot;id&quot;:3,&quot;uuid&quot;:&quot;535d0162-ce06-480e-bd9f-90b04bb0e787&quot;,&quot;title&quot;:&quot;data-test American Indian - Alaska Native - Native Hawaiian Areas&quot;,&quot;num_comments&quot;:0,&quot;title_sortable&quot;:&quot;data-test american indian - alaska native - native hawaiian areas&quot;,&quot;source_host&quot;:&quot;data-test.boundlessgeo.io&quot;,&quot;subtype&quot;:&quot;remote&quot;,&quot;share_count&quot;:0,&quot;type&quot;:&quot;layer&quot;,&quot;bbox_top&quot;:71.6024093628,&quot;popular_count&quot;:0,&quot;bbox_right&quot;:-66.4995040894,&quot;date&quot;:&quot;2018-06-07T19:09:56.987046+00:00&quot;,&quot;owner__first_name&quot;:&quot;Administrator&quot;,&quot;supplemental_information&quot;:&quot;No information provided&quot;,&quot;bbox_left&quot;:-174.7731170654,&quot;typename&quot;:&quot;data-test:bcs_data:aiannh&quot;,&quot;thumbnail_url&quot;:&quot;/static/geonode/img/missing_thumb.png&quot;,&quot;csw_type&quot;:&quot;dataset&quot;,&quot;csw_wkt_geometry&quot;:&quot;POLYGON((-180 -90,-180 90,180 90,180 -90,-180 -90))&quot;,&quot;owner__username&quot;:&quot;admin&quot;,&quot;is_published&quot;:true}

DEBUG 2018-06-13 16:11:22,205 /usr/local/lib/python2.7/site-packages/elasticsearch/connection/base.py 264668 140601307264768 &lt; {&quot;took&quot;:20,&quot;errors&quot;:false,&quot;items&quot;:[{&quot;index&quot;:{&quot;_index&quot;:&quot;layer-index&quot;,&quot;_type&quot;:&quot;doc&quot;,&quot;_id&quot;:&quot;4&quot;,&quot;_version&quot;:2,&quot;result&quot;:&quot;updated&quot;,&quot;_shards&quot;:{&quot;total&quot;:2,&quot;successful&quot;:1,&quot;failed&quot;:0},&quot;_seq_no&quot;:2,&quot;_primary_term&quot;:1,&quot;status&quot;:200}},{&quot;index&quot;:{&quot;_index&quot;:&quot;layer-index&quot;,&quot;_type&quot;:&quot;doc&quot;,&quot;_id&quot;:&quot;2&quot;,&quot;_version&quot;:2,&quot;result&quot;:&quot;updated&quot;,&quot;_shards&quot;:{&quot;total&quot;:2,&quot;successful&quot;:1,&quot;failed&quot;:0},&quot;_seq_no&quot;:3,&quot;_primary_term&quot;:1,&quot;status&quot;:200}},{&quot;index&quot;:{&quot;_index&quot;:&quot;layer-index&quot;,&quot;_type&quot;:&quot;doc&quot;,&quot;_id&quot;:&quot;3&quot;,&quot;_version&quot;:2,&quot;result&quot;:&quot;updated&quot;,&quot;_shards&quot;:{&quot;total&quot;:2,&quot;successful&quot;:1,&quot;failed&quot;:0},&quot;_seq_no&quot;:1,&quot;_primary_term&quot;:1,&quot;status&quot;:200}}]}
DEBUG 2018-06-13 16:11:22,212 /usr/local/lib/python2.7/site-packages/urllib3/util/retry.py 264668 140601307264768 Converted retries value: False -&gt; Retry(total=False, connect=None, read=None, redirect=0, status=None)
DEBUG 2018-06-13 16:11:22,228 /usr/local/lib/python2.7/site-packages/urllib3/connectionpool.py 264668 140601307264768 http://search:9200 &quot;PUT /profile-index/doc/-1 HTTP/1.1&quot; 201 161
INFO 2018-06-13 16:11:22,229 /usr/local/lib/python2.7/site-packages/elasticsearch/connection/base.py 264668 140601307264768 PUT http://search:9200/profile-index/doc/-1 [status:201 request:0.017s]
DEBUG 2018-06-13 16:11:22,229 /usr/local/lib/python2.7/site-packages/elasticsearch/connection/base.py 264668 140601307264768 &gt; {&quot;username&quot;:&quot;AnonymousUser&quot;,&quot;first_name&quot;:&quot;&quot;,&quot;last_name&quot;:&quot;&quot;,&quot;type&quot;:&quot;user&quot;,&quot;id&quot;:-1}
DEBUG 2018-06-13 16:11:22,229 /usr/local/lib/python2.7/site-packages/elasticsearch/connection/base.py 264668 140601307264768 &lt; {&quot;_index&quot;:&quot;profile-index&quot;,&quot;_type&quot;:&quot;doc&quot;,&quot;_id&quot;:&quot;-1&quot;,&quot;_version&quot;:1,&quot;result&quot;:&quot;created&quot;,&quot;_shards&quot;:{&quot;total&quot;:2,&quot;successful&quot;:1,&quot;failed&quot;:0},&quot;_seq_no&quot;:0,&quot;_primary_term&quot;:1}
DEBUG 2018-06-13 16:11:22,230 /usr/local/lib/python2.7/site-packages/urllib3/util/retry.py 264668 140601307264768 Converted retries value: False -&gt; Retry(total=False, connect=None, read=None, redirect=0, status=None)
DEBUG 2018-06-13 16:11:22,238 /usr/local/lib/python2.7/site-packages/urllib3/connectionpool.py 264668 140601307264768 http://search:9200 &quot;PUT /profile-index/doc/1 HTTP/1.1&quot; 201 160
INFO 2018-06-13 16:11:22,238 /usr/local/lib/python2.7/site-packages/elasticsearch/connection/base.py 264668 140601307264768 PUT http://search:9200/profile-index/doc/1 [status:201 request:0.008s]
DEBUG 2018-06-13 16:11:22,239 /usr/local/lib/python2.7/site-packages/elasticsearch/connection/base.py 264668 140601307264768 &gt; {&quot;username&quot;:&quot;admin&quot;,&quot;first_name&quot;:&quot;Administrator&quot;,&quot;last_name&quot;:&quot;Exchange&quot;,&quot;type&quot;:&quot;user&quot;,&quot;id&quot;:1}
DEBUG 2018-06-13 16:11:22,239 /usr/local/lib/python2.7/site-packages/elasticsearch/connection/base.py 264668 140601307264768 &lt; {&quot;_index&quot;:&quot;profile-index&quot;,&quot;_type&quot;:&quot;doc&quot;,&quot;_id&quot;:&quot;1&quot;,&quot;_version&quot;:1,&quot;result&quot;:&quot;created&quot;,&quot;_shards&quot;:{&quot;total&quot;:2,&quot;successful&quot;:1,&quot;failed&quot;:0},&quot;_seq_no&quot;:0,&quot;_primary_term&quot;:1}
DEBUG 2018-06-13 16:11:22,240 /usr/local/lib/python2.7/site-packages/urllib3/util/retry.py 264668 140601307264768 Converted retries value: False -&gt; Retry(total=False, connect=None, read=None, redirect=0, status=None)
DEBUG 2018-06-13 16:11:22,247 /usr/local/lib/python2.7/site-packages/urllib3/connectionpool.py 264668 140601307264768 http://search:9200 &quot;PUT /profile-index/doc/2 HTTP/1.1&quot; 201 160
INFO 2018-06-13 16:11:22,248 /usr/local/lib/python2.7/site-packages/elasticsearch/connection/base.py 264668 140601307264768 PUT http://search:9200/profile-index/doc/2 [status:201 request:0.008s]
DEBUG 2018-06-13 16:11:22,248 /usr/local/lib/python2.7/site-packages/elasticsearch/connection/base.py 264668 140601307264768 &gt; {&quot;username&quot;:&quot;test&quot;,&quot;first_name&quot;:&quot;Test&quot;,&quot;last_name&quot;:&quot;User&quot;,&quot;type&quot;:&quot;user&quot;,&quot;id&quot;:2}
DEBUG 2018-06-13 16:11:22,248 /usr/local/lib/python2.7/site-packages/elasticsearch/connection/base.py 264668 140601307264768 &lt; {&quot;_index&quot;:&quot;profile-index&quot;,&quot;_type&quot;:&quot;doc&quot;,&quot;_id&quot;:&quot;2&quot;,&quot;_version&quot;:1,&quot;result&quot;:&quot;created&quot;,&quot;_shards&quot;:{&quot;total&quot;:2,&quot;successful&quot;:1,&quot;failed&quot;:0},&quot;_seq_no&quot;:0,&quot;_primary_term&quot;:1}
DEBUG 2018-06-13 16:11:22,249 /usr/local/lib/python2.7/site-packages/urllib3/util/retry.py 264668 140601307264768 Converted retries value: False -&gt; Retry(total=False, connect=None, read=None, redirect=0, status=None)
DEBUG 2018-06-13 16:11:22,256 /usr/local/lib/python2.7/site-packages/urllib3/connectionpool.py 264668 140601307264768 http://search:9200 &quot;POST /_bulk HTTP/1.1&quot; 200 588
INFO 2018-06-13 16:11:22,257 /usr/local/lib/python2.7/site-packages/elasticsearch/connection/base.py 264668 140601307264768 POST http://search:9200/_bulk [status:200 request:0.008s]
DEBUG 2018-06-13 16:11:22,257 /usr/local/lib/python2.7/site-packages/elasticsearch/connection/base.py 264668 140601307264768 &gt; {&quot;index&quot;:{&quot;_type&quot;:&quot;doc&quot;,&quot;_id&quot;:&quot;-1&quot;,&quot;_version&quot;:1,&quot;_index&quot;:&quot;profile-index&quot;}}
{&quot;username&quot;:&quot;AnonymousUser&quot;,&quot;first_name&quot;:&quot;&quot;,&quot;last_name&quot;:&quot;&quot;,&quot;type&quot;:&quot;user&quot;,&quot;id&quot;:-1}
{&quot;index&quot;:{&quot;_type&quot;:&quot;doc&quot;,&quot;_id&quot;:&quot;1&quot;,&quot;_version&quot;:1,&quot;_index&quot;:&quot;profile-index&quot;}}
{&quot;username&quot;:&quot;admin&quot;,&quot;first_name&quot;:&quot;Administrator&quot;,&quot;last_name&quot;:&quot;Exchange&quot;,&quot;type&quot;:&quot;user&quot;,&quot;id&quot;:1}
{&quot;index&quot;:{&quot;_type&quot;:&quot;doc&quot;,&quot;_id&quot;:&quot;2&quot;,&quot;_version&quot;:1,&quot;_index&quot;:&quot;profile-index&quot;}}
{&quot;username&quot;:&quot;test&quot;,&quot;first_name&quot;:&quot;Test&quot;,&quot;last_name&quot;:&quot;User&quot;,&quot;type&quot;:&quot;user&quot;,&quot;id&quot;:2}

DEBUG 2018-06-13 16:11:22,257 /usr/local/lib/python2.7/site-packages/elasticsearch/connection/base.py 264668 140601307264768 &lt; {&quot;took&quot;:6,&quot;errors&quot;:false,&quot;items&quot;:[{&quot;index&quot;:{&quot;_index&quot;:&quot;profile-index&quot;,&quot;_type&quot;:&quot;doc&quot;,&quot;_id&quot;:&quot;-1&quot;,&quot;_version&quot;:2,&quot;result&quot;:&quot;updated&quot;,&quot;_shards&quot;:{&quot;total&quot;:2,&quot;successful&quot;:1,&quot;failed&quot;:0},&quot;_seq_no&quot;:1,&quot;_primary_term&quot;:1,&quot;status&quot;:200}},{&quot;index&quot;:{&quot;_index&quot;:&quot;profile-index&quot;,&quot;_type&quot;:&quot;doc&quot;,&quot;_id&quot;:&quot;1&quot;,&quot;_version&quot;:2,&quot;result&quot;:&quot;updated&quot;,&quot;_shards&quot;:{&quot;total&quot;:2,&quot;successful&quot;:1,&quot;failed&quot;:0},&quot;_seq_no&quot;:1,&quot;_primary_term&quot;:1,&quot;status&quot;:200}},{&quot;index&quot;:{&quot;_index&quot;:&quot;profile-index&quot;,&quot;_type&quot;:&quot;doc&quot;,&quot;_id&quot;:&quot;2&quot;,&quot;_version&quot;:2,&quot;result&quot;:&quot;updated&quot;,&quot;_shards&quot;:{&quot;total&quot;:2,&quot;successful&quot;:1,&quot;failed&quot;:0},&quot;_seq_no&quot;:1,&quot;_primary_term&quot;:1,&quot;status&quot;:200}}]}
DEBUG 2018-06-13 16:11:22,297 /code/exchange/pki/models.py 264668 140601307264768 hostnameport_pattern_cache rebuilt: []
DEBUG 2018-06-13 16:11:22,297 /code/exchange/pki/models.py 264668 140601307264768 hostnameport_pattern_proxy_cache rebuilt: []
DEBUG 2018-06-13 16:11:22,300 /code/exchange/tests/pki_test.py 264668 140601307264768 SslConfig.objects:
[&lt;SslConfig: PKI: key with no password; TLSv1_2-only (via ssl_options)&gt;, &lt;SslConfig: Default: TLS-only&gt;, &lt;SslConfig: Just custom CAs&gt;, &lt;SslConfig: PKI: key with no password&gt;, &lt;SslConfig: PKI: key with password&gt;, &lt;SslConfig: PKI: key with password; TLSv1_2-only; alt root CA chain&gt;, &lt;SslConfig: PKI: key with password; TLSv1_2-only&gt;, &lt;SslConfig: PKI: key with no password; custom CAs with no validation&gt;]
DEBUG 2018-06-13 16:11:22,302 /code/exchange/tests/pki_test.py 264668 140601307264768 HostnamePort.objects:
[&lt;SslConfig: PKI: key with no password; TLSv1_2-only (via ssl_options)&gt;, &lt;SslConfig: Default: TLS-only&gt;, &lt;SslConfig: Just custom CAs&gt;, &lt;SslConfig: PKI: key with no password&gt;, &lt;SslConfig: PKI: key with password&gt;, &lt;SslConfig: PKI: key with password; TLSv1_2-only; alt root CA chain&gt;, &lt;SslConfig: PKI: key with password; TLSv1_2-only&gt;, &lt;SslConfig: PKI: key with no password; custom CAs with no validation&gt;]
DEBUG 2018-06-13 16:11:22,302 /code/exchange/tests/pki_test.py 264668 140601307264768 PKI_DIRECTORY: /usr/local/exchange-pki
</system-err></testcase><testcase classname="exchange.tests.pki_test.TestPkiUtils" file="exchange/tests/pki_test.py" line="1036" name="test_urls" time="0.00215935707092"><failure message="IndexError: tuple index out of range">self = &lt;exchange.tests.pki_test.TestPkiUtils testMethod=test_urls&gt;

    def setUp(self):
        mproot = self.mp_root.rstrip(&apos;/&apos;).lower()
        mphostpport = self.mp_host_port
        ex_local_url = settings.EXCHANGE_LOCAL_URL.rstrip(&apos;/&apos;)
        site_url = settings.SITEURL.rstrip(&apos;/&apos;)
    
        self.base_url = \
            &apos;{0}/service?version=1.1.1&amp;service=WMS&apos;.format(mproot)
        self.protocol_relative_url = \
            &apos;//{0}/service?version=1.1.1&amp;service=WMS&apos;\
            .format(mphostpport)
        self.pki_url = \
            &apos;{0}/pki/{1}/service%3Fversion%3D1.1.1%26service%3DWMS&apos;\
            .format(ex_local_url, quote(mphostpport))
        self.pki_site_url = \
            &apos;{0}/pki/{1}/service%3Fversion%3D1.1.1%26service%3DWMS&apos;\
            .format(site_url, quote(mphostpport))
        self.proxy_url = \
            &apos;{0}/proxy/?url={1}%2Fservice%3Fversion%3D1.1.1%26service%3DWMS&apos;\
            .format(site_url, quote_plus(mproot))
    
&gt;       logging.debug(&quot;base_url: {0}&quot;.format(self.base_url))

exchange/tests/pki_test.py:982: 
_ _ _ _ _ _ _ _ _ _ _ _ _ _ _ _ _ _ _ _ _ _ _ _ _ _ _ _ _ _ _ _ _ _ _ _ _ _ _ _ _ _ _ _ _ _ _ _ _ _ _ _ _ _ _ _ _ _ _ _ _ _ _ _ _ _ _ _ _ _ _ _ _ _ _ _ _ _ _ _ _ _ _ _ _
/usr/local/lib/python2.7/logging/__init__.py:1637: in debug
    root.debug(msg, *args, **kwargs)
/usr/local/lib/python2.7/logging/__init__.py:1155: in debug
    self._log(DEBUG, msg, args, **kwargs)
/usr/local/lib/python2.7/logging/__init__.py:1286: in _log
    self.handle(record)
/usr/local/lib/python2.7/logging/__init__.py:1295: in handle
    if (not self.disabled) and self.filter(record):
/usr/local/lib/python2.7/logging/__init__.py:617: in filter
    if not f.filter(record):
/usr/local/lib/python2.7/site-packages/django/utils/log.py:158: in filter
    if self.callback(record):
_ _ _ _ _ _ _ _ _ _ _ _ _ _ _ _ _ _ _ _ _ _ _ _ _ _ _ _ _ _ _ _ _ _ _ _ _ _ _ _ _ _ _ _ _ _ _ _ _ _ _ _ _ _ _ _ _ _ _ _ _ _ _ _ _ _ _ _ _ _ _ _ _ _ _ _ _ _ _ _ _ _ _ _ _

record = &lt;logging.LogRecord object at 0x7fe0180eca50&gt;

    def filter_django_warnings(record):
        for ignored in DJANGO_IGNORED_WARNINGS:
&gt;           if ignored in record.args[0]:
E           IndexError: tuple index out of range

exchange/settings/local_settings.py:45: IndexError</failure></testcase><testcase classname="exchange.tests.pki_test.TestPkiValidation" file="exchange/tests/pki_test.py" line="1062" name="test_pki_functions" time="0.00389242172241"><failure message="AssertionError: False is not true">self = &lt;exchange.tests.pki_test.TestPkiValidation testMethod=test_pki_functions&gt;

    def test_pki_functions(self):
        # pki_dir_path
        for k in (
                &apos;alice-cert.pem&apos;,
                &apos;bad_alice-cert_unsupported.der&apos;,
        ):
            pki_f = pki_dir_path(k)
            self.assertTrue(pki_f.startswith(get_pki_dir()))
    
            pki_f2 = pki_file(k)
            self.assertEqual(pki_f, pki_f2)
            pki_f3 = pki_dir_path(pki_f2)
            self.assertEqual(pki_f2, pki_f3)
    
        # pki_file_exists_readable
        for k in (
            &apos;alice-cert.pem&apos;,
            &apos;bad_alice-cert_unsupported.der&apos;,
        ):
&gt;           self.assertTrue(pki_file_exists_readable(k))
E           AssertionError: False is not true

exchange/tests/pki_test.py:1082: AssertionError</failure></testcase><testcase classname="exchange.tests.pki_test.TestPkiValidation" file="exchange/tests/pki_test.py" line="1176" name="test_pki_load_functions" time="0.00152611732483"><failure message="AssertionError: 0 != 1">self = &lt;exchange.tests.pki_test.TestPkiValidation testMethod=test_pki_load_functions&gt;

    def test_pki_load_functions(self):
        # load_certs
        certs = load_certs(
            pki_file_contents(&apos;alice-cert.pem&apos;)
        )[0]
&gt;       self.assertEqual(len(certs), 1)
E       AssertionError: 0 != 1

exchange/tests/pki_test.py:1182: AssertionError</failure></testcase><testcase classname="exchange.tests.pki_test.TestPkiValidation" file="exchange/tests/pki_test.py" line="1272" name="test_pki_validations" time="0.0020649433136"><failure message="PkiValidationError: ValueError: Could not deserialize key data.">self = &lt;exchange.tests.pki_test.TestPkiValidation testMethod=test_pki_validations&gt;

    def test_pki_validations(self):
        # validate_cert_matches_private_key
        validate_cert_matches_private_key(
            pki_file_contents(&apos;alice-cert.pem&apos;),
            pki_file_contents(&apos;alice-key_w-pass.pem&apos;),
&gt;           password=b&apos;password&apos;
        )

exchange/tests/pki_test.py:1278: 
_ _ _ _ _ _ _ _ _ _ _ _ _ _ _ _ _ _ _ _ _ _ _ _ _ _ _ _ _ _ _ _ _ _ _ _ _ _ _ _ _ _ _ _ _ _ _ _ _ _ _ _ _ _ _ _ _ _ _ _ _ _ _ _ _ _ _ _ _ _ _ _ _ _ _ _ _ _ _ _ _ _ _ _ _
exchange/pki/validate.py:434: in validate_cert_matches_private_key
    priv_key = load_private_key(key_data, password=password)
_ _ _ _ _ _ _ _ _ _ _ _ _ _ _ _ _ _ _ _ _ _ _ _ _ _ _ _ _ _ _ _ _ _ _ _ _ _ _ _ _ _ _ _ _ _ _ _ _ _ _ _ _ _ _ _ _ _ _ _ _ _ _ _ _ _ _ _ _ _ _ _ _ _ _ _ _ _ _ _ _ _ _ _ _

key_data = &apos;&apos;, password = &apos;password&apos;

    def load_private_key(key_data, password=None):
        &quot;&quot;&quot;
        Validate private key can be loaded, decrypting with any supplied password
    
        :param key_data: Private key data to parse and load
        :type key_data: bytes
        :param password: Optional password of private key
        :return: x509 private key or raises PkiValidationError
        :rtype: rsa.RSAPrivateKey | dsa.DSAPrivateKey | ec.EllipticCurvePrivateKey
        &quot;&quot;&quot;
        msg = []
        priv_key = None
        try:
            priv_key = serialization.load_pem_private_key(
                key_data,
                None if not password else native(password),
                default_backend()
            )
        except ValueError as e:
            msg.append(&apos;ValueError: {0}&apos;.format(e.message))
        except TypeError as e:
            msg.append(&apos;TypeError: {0}&apos;.format(e.message))
    
        if msg:
&gt;           raise PkiValidationError(msg)
E           PkiValidationError: ValueError: Could not deserialize key data.

exchange/pki/validate.py:415: PkiValidationError</failure></testcase></testsuite>